DEPRECATION WARNING: config.action_view.debug_rjs will be removed in 3.1, from 3.1 onwards you will need to install prototype-rails to continue to use RJS templates . (called from <top (required)> at /home/patl/rails_projects/sample_app/config/environment.rb:5)
DEPRECATION WARNING: config.action_view.debug_rjs will be removed in 3.1, from 3.1 onwards you will need to install prototype-rails to continue to use RJS templates . (called from <top (required)> at /home/patl/rails_projects/sample_app/config/environment.rb:5)
DEPRECATION WARNING: config.action_view.debug_rjs will be removed in 3.1, from 3.1 onwards you will need to install prototype-rails to continue to use RJS templates . (called from <top (required)> at /home/patl/rails_projects/sample_app/config/environment.rb:5)
DEPRECATION WARNING: config.action_view.debug_rjs will be removed in 3.1, from 3.1 onwards you will need to install prototype-rails to continue to use RJS templates . (called from <top (required)> at /home/patl/rails_projects/sample_app/config/environment.rb:5)


Started GET "/pages/home" for 127.0.0.1 at 2011-12-04 21:03:00 +0200
  Processing by PagesController#home as HTML
Rendered pages/home.html.erb within layouts/application (2.5ms)
Completed 200 OK in 9ms (Views: 8.0ms | ActiveRecord: 0.0ms)
DEPRECATION WARNING: config.action_view.debug_rjs will be removed in 3.1, from 3.1 onwards you will need to install prototype-rails to continue to use RJS templates . (called from <top (required)> at /home/patl/rails_projects/sample_app/config/environment.rb:5)


Started GET "/pages/about" for 127.0.0.1 at 2011-12-04 21:18:22 +0200
  Processing by PagesController#about as HTML
Rendered pages/about.html.erb within layouts/application (2.3ms)
Completed 200 OK in 32ms (Views: 31.4ms | ActiveRecord: 0.0ms)
DEPRECATION WARNING: config.action_view.debug_rjs will be removed in 3.1, from 3.1 onwards you will need to install prototype-rails to continue to use RJS templates . (called from <top (required)> at /home/patl/rails_projects/sample_app/config/environment.rb:5)


Started GET "/pages/about" for 127.0.0.1 at 2011-12-04 21:38:53 +0200
  Processing by PagesController#about as HTML
Rendered pages/about.html.erb within layouts/application (1.1ms)
Completed 200 OK in 6ms (Views: 5.7ms | ActiveRecord: 0.0ms)


Started GET "/pages/" for 127.0.0.1 at 2011-12-04 21:39:00 +0200

ActionController::RoutingError (No route matches "/pages"):
  

Rendered /home/patl/.rvm/gems/ruby-1.9.2-p290@rails3tutorial/gems/actionpack-3.0.9/lib/action_dispatch/middleware/templates/rescues/routing_error.erb within rescues/layout (1.2ms)


Started GET "/pages/home" for 127.0.0.1 at 2011-12-04 21:39:05 +0200
  Processing by PagesController#home as HTML
Rendered pages/home.html.erb within layouts/application (1.1ms)
Completed 200 OK in 7ms (Views: 5.7ms | ActiveRecord: 0.0ms)


Started GET "/pages/home" for 127.0.0.1 at 2011-12-04 21:51:16 +0200
  Processing by PagesController#home as HTML
Rendered pages/home.html.erb within layouts/application (1.8ms)
Completed 200 OK in 7ms (Views: 6.2ms | ActiveRecord: 0.0ms)


Started GET "/stylesheets/blueprint/screen.css" for 127.0.0.1 at 2011-12-04 21:51:16 +0200

ActionController::RoutingError (No route matches "/stylesheets/blueprint/screen.css"):
  

Rendered /home/patl/.rvm/gems/ruby-1.9.2-p290@rails3tutorial/gems/actionpack-3.0.9/lib/action_dispatch/middleware/templates/rescues/routing_error.erb within rescues/layout (1.2ms)


Started GET "/stylesheets/blueprint/print.css" for 127.0.0.1 at 2011-12-04 21:51:16 +0200

ActionController::RoutingError (No route matches "/stylesheets/blueprint/print.css"):
  

Rendered /home/patl/.rvm/gems/ruby-1.9.2-p290@rails3tutorial/gems/actionpack-3.0.9/lib/action_dispatch/middleware/templates/rescues/routing_error.erb within rescues/layout (1.1ms)


Started GET "/pages/home" for 127.0.0.1 at 2011-12-04 21:51:19 +0200
  Processing by PagesController#home as HTML
Rendered pages/home.html.erb within layouts/application (1.5ms)
Completed 200 OK in 6ms (Views: 5.9ms | ActiveRecord: 0.0ms)


Started GET "/stylesheets/blueprint/screen.css" for 127.0.0.1 at 2011-12-04 21:51:19 +0200

ActionController::RoutingError (No route matches "/stylesheets/blueprint/screen.css"):
  

Rendered /home/patl/.rvm/gems/ruby-1.9.2-p290@rails3tutorial/gems/actionpack-3.0.9/lib/action_dispatch/middleware/templates/rescues/routing_error.erb within rescues/layout (1.4ms)


Started GET "/stylesheets/blueprint/print.css" for 127.0.0.1 at 2011-12-04 21:51:19 +0200

ActionController::RoutingError (No route matches "/stylesheets/blueprint/print.css"):
  

Rendered /home/patl/.rvm/gems/ruby-1.9.2-p290@rails3tutorial/gems/actionpack-3.0.9/lib/action_dispatch/middleware/templates/rescues/routing_error.erb within rescues/layout (1.1ms)
DEPRECATION WARNING: config.action_view.debug_rjs will be removed in 3.1, from 3.1 onwards you will need to install prototype-rails to continue to use RJS templates . (called from <top (required)> at /home/patl/rails_projects/sample_app/config/environment.rb:5)


Started GET "/pages/home" for 127.0.0.1 at 2011-12-04 21:52:06 +0200
  Processing by PagesController#home as HTML
Rendered pages/home.html.erb within layouts/application (1.6ms)
Completed 200 OK in 6ms (Views: 5.9ms | ActiveRecord: 0.0ms)


Started GET "/stylesheets/blueprint/screen.css" for 127.0.0.1 at 2011-12-04 21:52:06 +0200

ActionController::RoutingError (No route matches "/stylesheets/blueprint/screen.css"):
  

Rendered /home/patl/.rvm/gems/ruby-1.9.2-p290@rails3tutorial/gems/actionpack-3.0.9/lib/action_dispatch/middleware/templates/rescues/routing_error.erb within rescues/layout (1.3ms)


Started GET "/stylesheets/blueprint/print.css" for 127.0.0.1 at 2011-12-04 21:52:06 +0200

ActionController::RoutingError (No route matches "/stylesheets/blueprint/print.css"):
  

Rendered /home/patl/.rvm/gems/ruby-1.9.2-p290@rails3tutorial/gems/actionpack-3.0.9/lib/action_dispatch/middleware/templates/rescues/routing_error.erb within rescues/layout (1.1ms)


Started GET "/pages/home" for 127.0.0.1 at 2011-12-04 21:52:19 +0200
  Processing by PagesController#home as HTML
Rendered pages/home.html.erb within layouts/application (1.5ms)
Completed 200 OK in 6ms (Views: 5.7ms | ActiveRecord: 0.0ms)


Started GET "/stylesheets/blueprint/screen.css" for 127.0.0.1 at 2011-12-04 21:52:19 +0200

ActionController::RoutingError (No route matches "/stylesheets/blueprint/screen.css"):
  

Rendered /home/patl/.rvm/gems/ruby-1.9.2-p290@rails3tutorial/gems/actionpack-3.0.9/lib/action_dispatch/middleware/templates/rescues/routing_error.erb within rescues/layout (1.3ms)


Started GET "/stylesheets/blueprint/print.css" for 127.0.0.1 at 2011-12-04 21:52:19 +0200

ActionController::RoutingError (No route matches "/stylesheets/blueprint/print.css"):
  

Rendered /home/patl/.rvm/gems/ruby-1.9.2-p290@rails3tutorial/gems/actionpack-3.0.9/lib/action_dispatch/middleware/templates/rescues/routing_error.erb within rescues/layout (1.1ms)


Started GET "/pages/home" for 127.0.0.1 at 2011-12-04 21:52:38 +0200
  Processing by PagesController#home as HTML
Rendered pages/home.html.erb within layouts/application (1.6ms)
Completed 200 OK in 7ms (Views: 6.2ms | ActiveRecord: 0.0ms)


Started GET "/pages/home" for 127.0.0.1 at 2011-12-04 21:52:39 +0200
  Processing by PagesController#home as HTML
Rendered pages/home.html.erb within layouts/application (1.4ms)
Completed 200 OK in 6ms (Views: 5.7ms | ActiveRecord: 0.0ms)


Started GET "/pages/home" for 127.0.0.1 at 2011-12-04 21:52:40 +0200
  Processing by PagesController#home as HTML
Rendered pages/home.html.erb within layouts/application (1.6ms)
Completed 200 OK in 7ms (Views: 6.4ms | ActiveRecord: 0.0ms)


Started GET "/pages/home" for 127.0.0.1 at 2011-12-04 21:52:40 +0200
  Processing by PagesController#home as HTML
Rendered pages/home.html.erb within layouts/application (1.5ms)
Completed 200 OK in 6ms (Views: 5.7ms | ActiveRecord: 0.0ms)
DEPRECATION WARNING: config.action_view.debug_rjs will be removed in 3.1, from 3.1 onwards you will need to install prototype-rails to continue to use RJS templates . (called from <top (required)> at /home/patl/rails_projects/sample_app/config/environment.rb:5)


Started GET "/pages/home" for 127.0.0.1 at 2011-12-04 21:53:02 +0200
  Processing by PagesController#home as HTML
Rendered pages/home.html.erb within layouts/application (1.5ms)
Completed 200 OK in 6ms (Views: 5.9ms | ActiveRecord: 0.0ms)


Started GET "/pages/home" for 127.0.0.1 at 2011-12-04 21:55:51 +0200
  Processing by PagesController#home as HTML
Rendered pages/home.html.erb within layouts/application (2.2ms)
Completed 200 OK in 8ms (Views: 7.1ms | ActiveRecord: 0.0ms)


Started GET "/images/logo.png" for 127.0.0.1 at 2011-12-04 21:55:51 +0200

ActionController::RoutingError (No route matches "/images/logo.png"):
  

Rendered /home/patl/.rvm/gems/ruby-1.9.2-p290@rails3tutorial/gems/actionpack-3.0.9/lib/action_dispatch/middleware/templates/rescues/routing_error.erb within rescues/layout (1.2ms)


Started GET "/stylesheets/custom.css" for 127.0.0.1 at 2011-12-04 21:55:52 +0200

ActionController::RoutingError (No route matches "/stylesheets/custom.css"):
  

Rendered /home/patl/.rvm/gems/ruby-1.9.2-p290@rails3tutorial/gems/actionpack-3.0.9/lib/action_dispatch/middleware/templates/rescues/routing_error.erb within rescues/layout (1.4ms)


Started GET "/pages/home" for 127.0.0.1 at 2011-12-04 21:55:53 +0200
  Processing by PagesController#home as HTML
Rendered pages/home.html.erb within layouts/application (2.2ms)
Completed 200 OK in 7ms (Views: 6.9ms | ActiveRecord: 0.0ms)


Started GET "/stylesheets/custom.css" for 127.0.0.1 at 2011-12-04 21:55:53 +0200

ActionController::RoutingError (No route matches "/stylesheets/custom.css"):
  

Rendered /home/patl/.rvm/gems/ruby-1.9.2-p290@rails3tutorial/gems/actionpack-3.0.9/lib/action_dispatch/middleware/templates/rescues/routing_error.erb within rescues/layout (1.1ms)


Started GET "/images/logo.png" for 127.0.0.1 at 2011-12-04 21:55:53 +0200

ActionController::RoutingError (No route matches "/images/logo.png"):
  

Rendered /home/patl/.rvm/gems/ruby-1.9.2-p290@rails3tutorial/gems/actionpack-3.0.9/lib/action_dispatch/middleware/templates/rescues/routing_error.erb within rescues/layout (1.1ms)


Started GET "/pages/home" for 127.0.0.1 at 2011-12-04 21:55:54 +0200
  Processing by PagesController#home as HTML
Rendered pages/home.html.erb within layouts/application (2.1ms)
Completed 200 OK in 7ms (Views: 6.3ms | ActiveRecord: 0.0ms)


Started GET "/stylesheets/custom.css" for 127.0.0.1 at 2011-12-04 21:55:54 +0200

ActionController::RoutingError (No route matches "/stylesheets/custom.css"):
  

Rendered /home/patl/.rvm/gems/ruby-1.9.2-p290@rails3tutorial/gems/actionpack-3.0.9/lib/action_dispatch/middleware/templates/rescues/routing_error.erb within rescues/layout (1.1ms)


Started GET "/images/logo.png" for 127.0.0.1 at 2011-12-04 21:55:54 +0200

ActionController::RoutingError (No route matches "/images/logo.png"):
  

Rendered /home/patl/.rvm/gems/ruby-1.9.2-p290@rails3tutorial/gems/actionpack-3.0.9/lib/action_dispatch/middleware/templates/rescues/routing_error.erb within rescues/layout (1.1ms)


Started GET "/pages/home" for 127.0.0.1 at 2011-12-04 21:55:54 +0200
  Processing by PagesController#home as HTML
Rendered pages/home.html.erb within layouts/application (2.1ms)
Completed 200 OK in 7ms (Views: 6.4ms | ActiveRecord: 0.0ms)


Started GET "/stylesheets/custom.css" for 127.0.0.1 at 2011-12-04 21:55:54 +0200

ActionController::RoutingError (No route matches "/stylesheets/custom.css"):
  

Rendered /home/patl/.rvm/gems/ruby-1.9.2-p290@rails3tutorial/gems/actionpack-3.0.9/lib/action_dispatch/middleware/templates/rescues/routing_error.erb within rescues/layout (1.4ms)


Started GET "/images/logo.png" for 127.0.0.1 at 2011-12-04 21:55:54 +0200

ActionController::RoutingError (No route matches "/images/logo.png"):
  

Rendered /home/patl/.rvm/gems/ruby-1.9.2-p290@rails3tutorial/gems/actionpack-3.0.9/lib/action_dispatch/middleware/templates/rescues/routing_error.erb within rescues/layout (1.3ms)


Started GET "/pages/home" for 127.0.0.1 at 2011-12-04 21:55:54 +0200
  Processing by PagesController#home as HTML
Rendered pages/home.html.erb within layouts/application (2.3ms)
Completed 200 OK in 7ms (Views: 6.6ms | ActiveRecord: 0.0ms)


Started GET "/stylesheets/custom.css" for 127.0.0.1 at 2011-12-04 21:55:54 +0200

ActionController::RoutingError (No route matches "/stylesheets/custom.css"):
  

Rendered /home/patl/.rvm/gems/ruby-1.9.2-p290@rails3tutorial/gems/actionpack-3.0.9/lib/action_dispatch/middleware/templates/rescues/routing_error.erb within rescues/layout (1.2ms)


Started GET "/images/logo.png" for 127.0.0.1 at 2011-12-04 21:55:54 +0200

ActionController::RoutingError (No route matches "/images/logo.png"):
  

Rendered /home/patl/.rvm/gems/ruby-1.9.2-p290@rails3tutorial/gems/actionpack-3.0.9/lib/action_dispatch/middleware/templates/rescues/routing_error.erb within rescues/layout (1.3ms)


Started GET "/pages/home" for 127.0.0.1 at 2011-12-04 21:55:54 +0200
  Processing by PagesController#home as HTML
Rendered pages/home.html.erb within layouts/application (2.4ms)
Completed 200 OK in 7ms (Views: 7.0ms | ActiveRecord: 0.0ms)


Started GET "/stylesheets/custom.css" for 127.0.0.1 at 2011-12-04 21:55:54 +0200

ActionController::RoutingError (No route matches "/stylesheets/custom.css"):
  

Rendered /home/patl/.rvm/gems/ruby-1.9.2-p290@rails3tutorial/gems/actionpack-3.0.9/lib/action_dispatch/middleware/templates/rescues/routing_error.erb within rescues/layout (1.2ms)


Started GET "/images/logo.png" for 127.0.0.1 at 2011-12-04 21:55:54 +0200

ActionController::RoutingError (No route matches "/images/logo.png"):
  

Rendered /home/patl/.rvm/gems/ruby-1.9.2-p290@rails3tutorial/gems/actionpack-3.0.9/lib/action_dispatch/middleware/templates/rescues/routing_error.erb within rescues/layout (1.5ms)


Started GET "/pages/home" for 127.0.0.1 at 2011-12-04 21:57:16 +0200
  Processing by PagesController#home as HTML
Rendered pages/home.html.erb within layouts/application (2.2ms)
Completed 200 OK in 7ms (Views: 6.6ms | ActiveRecord: 0.0ms)


Started GET "/stylesheets/custom.css" for 127.0.0.1 at 2011-12-04 21:57:16 +0200

ActionController::RoutingError (No route matches "/stylesheets/custom.css"):
  

Rendered /home/patl/.rvm/gems/ruby-1.9.2-p290@rails3tutorial/gems/actionpack-3.0.9/lib/action_dispatch/middleware/templates/rescues/routing_error.erb within rescues/layout (1.3ms)


Started GET "/images/logo.png" for 127.0.0.1 at 2011-12-04 21:57:16 +0200

ActionController::RoutingError (No route matches "/images/logo.png"):
  

Rendered /home/patl/.rvm/gems/ruby-1.9.2-p290@rails3tutorial/gems/actionpack-3.0.9/lib/action_dispatch/middleware/templates/rescues/routing_error.erb within rescues/layout (1.2ms)


Started GET "/pages/home" for 127.0.0.1 at 2011-12-04 21:59:07 +0200
  Processing by PagesController#home as HTML
Rendered pages/home.html.erb within layouts/application (2.3ms)
Completed 200 OK in 7ms (Views: 6.5ms | ActiveRecord: 0.0ms)


Started GET "/stylesheets/custom.css" for 127.0.0.1 at 2011-12-04 21:59:07 +0200

ActionController::RoutingError (No route matches "/stylesheets/custom.css"):
  

Rendered /home/patl/.rvm/gems/ruby-1.9.2-p290@rails3tutorial/gems/actionpack-3.0.9/lib/action_dispatch/middleware/templates/rescues/routing_error.erb within rescues/layout (1.2ms)


Started GET "/pages/home" for 127.0.0.1 at 2011-12-04 22:01:23 +0200
  Processing by PagesController#home as HTML
Rendered pages/home.html.erb within layouts/application (2.3ms)
Completed 200 OK in 7ms (Views: 6.6ms | ActiveRecord: 0.0ms)


Started GET "/pages/home" for 127.0.0.1 at 2011-12-04 22:05:04 +0200
  Processing by PagesController#home as HTML
Rendered pages/home.html.erb within layouts/application (2.8ms)
Completed 200 OK in 8ms (Views: 7.2ms | ActiveRecord: 0.0ms)


Started GET "/pages/home" for 127.0.0.1 at 2011-12-04 22:06:12 +0200
  Processing by PagesController#home as HTML
Rendered pages/home.html.erb within layouts/application (2.9ms)
Completed 200 OK in 8ms (Views: 7.1ms | ActiveRecord: 0.0ms)


Started GET "/pages/home" for 127.0.0.1 at 2011-12-04 22:07:08 +0200
  Processing by PagesController#home as HTML
Rendered pages/home.html.erb within layouts/application (2.5ms)
Completed 200 OK in 8ms (Views: 7.2ms | ActiveRecord: 0.0ms)


Started GET "/pages/home" for 127.0.0.1 at 2011-12-04 22:10:53 +0200
  Processing by PagesController#home as HTML
Rendered pages/home.html.erb within layouts/application (58.9ms)
Completed 500 Internal Server Error in 64ms

ActionView::Template::Error (Missing partial layouts/stylesheets with {:handlers=>[:erb, :rjs, :builder, :rhtml, :rxml], :formats=>[:html], :locale=>[:en, :en]} in view paths "/home/patl/rails_projects/sample_app/app/views"):
    3:   <head>
    4:     <title><%= title %></title>
    5:     <%= csrf_meta_tag %>
    6:     <%= render 'layouts/stylesheets' %>
    7:   </head>
    8:   <body>
    9:     <div class="container">
  app/views/layouts/application.html.erb:6:in `_app_views_layouts_application_html_erb__288661517_91953240_273760103'

Rendered /home/patl/.rvm/gems/ruby-1.9.2-p290@rails3tutorial/gems/actionpack-3.0.9/lib/action_dispatch/middleware/templates/rescues/_trace.erb (1.5ms)
Rendered /home/patl/.rvm/gems/ruby-1.9.2-p290@rails3tutorial/gems/actionpack-3.0.9/lib/action_dispatch/middleware/templates/rescues/_request_and_response.erb (3.7ms)
Rendered /home/patl/.rvm/gems/ruby-1.9.2-p290@rails3tutorial/gems/actionpack-3.0.9/lib/action_dispatch/middleware/templates/rescues/template_error.erb within rescues/layout (10.6ms)


Started GET "/pages/home" for 127.0.0.1 at 2011-12-04 22:16:14 +0200
  Processing by PagesController#home as HTML
Rendered layouts/_stylesheets.html.erb (1.4ms)
Rendered layouts/_header.html.erb (0.8ms)
Rendered layouts/_footer.html.erb (0.5ms)
Rendered pages/home.html.erb within layouts/application (7.7ms)
Completed 200 OK in 12ms (Views: 11.9ms | ActiveRecord: 0.0ms)


Started GET "/pages/home" for 127.0.0.1 at 2011-12-04 22:21:00 +0200

SyntaxError (/home/patl/rails_projects/sample_app/config/routes.rb:10: syntax error, unexpected tIDENTIFIER, expecting keyword_end
  #   match 'products/:id' => 'catalog#view'
                     ^
/home/patl/rails_projects/sample_app/config/routes.rb:10: syntax error, unexpected tSTRING_BEG, expecting keyword_end
  #   match 'products/:id' => 'catalog#view'
                          ^
/home/patl/rails_projects/sample_app/config/routes.rb:10: syntax error, unexpected tIDENTIFIER, expecting keyword_end
  #   match 'products/:id' => 'catalog#view'
                                      ^):
  

Rendered /home/patl/.rvm/gems/ruby-1.9.2-p290@rails3tutorial/gems/actionpack-3.0.9/lib/action_dispatch/middleware/templates/rescues/_trace.erb (1.6ms)
Rendered /home/patl/.rvm/gems/ruby-1.9.2-p290@rails3tutorial/gems/actionpack-3.0.9/lib/action_dispatch/middleware/templates/rescues/_request_and_response.erb (1.5ms)
Rendered /home/patl/.rvm/gems/ruby-1.9.2-p290@rails3tutorial/gems/actionpack-3.0.9/lib/action_dispatch/middleware/templates/rescues/diagnostics.erb within rescues/layout (7.9ms)


Started GET "/pages/home" for 127.0.0.1 at 2011-12-04 22:23:41 +0200

ActionController::RoutingError (No route matches "/pages/home"):
  

Rendered /home/patl/.rvm/gems/ruby-1.9.2-p290@rails3tutorial/gems/actionpack-3.0.9/lib/action_dispatch/middleware/templates/rescues/routing_error.erb within rescues/layout (1.1ms)


Started GET "/pages/home" for 127.0.0.1 at 2011-12-04 22:23:43 +0200

ActionController::RoutingError (No route matches "/pages/home"):
  

Rendered /home/patl/.rvm/gems/ruby-1.9.2-p290@rails3tutorial/gems/actionpack-3.0.9/lib/action_dispatch/middleware/templates/rescues/routing_error.erb within rescues/layout (1.3ms)


Started GET "/pages/home" for 127.0.0.1 at 2011-12-04 22:23:44 +0200

ActionController::RoutingError (No route matches "/pages/home"):
  

Rendered /home/patl/.rvm/gems/ruby-1.9.2-p290@rails3tutorial/gems/actionpack-3.0.9/lib/action_dispatch/middleware/templates/rescues/routing_error.erb within rescues/layout (1.1ms)


Started GET "/pages/home" for 127.0.0.1 at 2011-12-04 22:23:44 +0200

ActionController::RoutingError (No route matches "/pages/home"):
  

Rendered /home/patl/.rvm/gems/ruby-1.9.2-p290@rails3tutorial/gems/actionpack-3.0.9/lib/action_dispatch/middleware/templates/rescues/routing_error.erb within rescues/layout (1.3ms)


Started GET "/pages/home" for 127.0.0.1 at 2011-12-04 22:23:44 +0200

ActionController::RoutingError (No route matches "/pages/home"):
  

Rendered /home/patl/.rvm/gems/ruby-1.9.2-p290@rails3tutorial/gems/actionpack-3.0.9/lib/action_dispatch/middleware/templates/rescues/routing_error.erb within rescues/layout (1.2ms)


Started GET "/pages/home" for 127.0.0.1 at 2011-12-04 22:23:44 +0200

ActionController::RoutingError (No route matches "/pages/home"):
  

Rendered /home/patl/.rvm/gems/ruby-1.9.2-p290@rails3tutorial/gems/actionpack-3.0.9/lib/action_dispatch/middleware/templates/rescues/routing_error.erb within rescues/layout (1.1ms)


Started GET "/pages/home" for 127.0.0.1 at 2011-12-04 22:23:44 +0200

ActionController::RoutingError (No route matches "/pages/home"):
  

Rendered /home/patl/.rvm/gems/ruby-1.9.2-p290@rails3tutorial/gems/actionpack-3.0.9/lib/action_dispatch/middleware/templates/rescues/routing_error.erb within rescues/layout (1.2ms)


Started GET "/pages/home" for 127.0.0.1 at 2011-12-04 22:23:45 +0200

ActionController::RoutingError (No route matches "/pages/home"):
  

Rendered /home/patl/.rvm/gems/ruby-1.9.2-p290@rails3tutorial/gems/actionpack-3.0.9/lib/action_dispatch/middleware/templates/rescues/routing_error.erb within rescues/layout (1.1ms)


Started GET "/pages/home" for 127.0.0.1 at 2011-12-04 22:23:45 +0200

ActionController::RoutingError (No route matches "/pages/home"):
  

Rendered /home/patl/.rvm/gems/ruby-1.9.2-p290@rails3tutorial/gems/actionpack-3.0.9/lib/action_dispatch/middleware/templates/rescues/routing_error.erb within rescues/layout (1.2ms)


Started GET "/pages/home" for 127.0.0.1 at 2011-12-04 22:24:11 +0200
  Processing by PagesController#home as HTML
Rendered layouts/_stylesheets.html.erb (1.1ms)
Rendered layouts/_header.html.erb (1.4ms)
Rendered layouts/_footer.html.erb (0.8ms)
Rendered pages/home.html.erb within layouts/application (7.6ms)
Completed 200 OK in 12ms (Views: 11.8ms | ActiveRecord: 0.0ms)


Started GET "/help" for 127.0.0.1 at 2011-12-04 22:24:17 +0200
  Processing by PagesController#help as HTML
Rendered layouts/_stylesheets.html.erb (1.2ms)
Rendered layouts/_header.html.erb (1.4ms)
Rendered layouts/_footer.html.erb (0.9ms)
Rendered pages/help.html.erb within layouts/application (7.8ms)
Completed 200 OK in 13ms (Views: 12.3ms | ActiveRecord: 0.0ms)


Started GET "/pages/home" for 127.0.0.1 at 2011-12-04 22:24:29 +0200
  Processing by PagesController#home as HTML
Rendered layouts/_stylesheets.html.erb (1.4ms)
Rendered layouts/_header.html.erb (1.5ms)
Rendered layouts/_footer.html.erb (0.9ms)
Rendered pages/home.html.erb within layouts/application (8.7ms)
Completed 200 OK in 13ms (Views: 13.0ms | ActiveRecord: 0.0ms)
DEPRECATION WARNING: config.action_view.debug_rjs will be removed in 3.1, from 3.1 onwards you will need to install prototype-rails to continue to use RJS templates . (called from <top (required)> at /home/patl/rails_projects/sample_app/config/environment.rb:5)


Started GET "/pages/home" for 127.0.0.1 at 2011-12-04 22:29:41 +0200
  Processing by PagesController#home as HTML
Rendered layouts/_stylesheets.html.erb (1.3ms)
Rendered layouts/_header.html.erb (1.4ms)
Rendered layouts/_footer.html.erb (0.8ms)
Rendered pages/home.html.erb within layouts/application (8.4ms)
Completed 200 OK in 13ms (Views: 12.6ms | ActiveRecord: 0.0ms)


Started GET "/signup" for 127.0.0.1 at 2011-12-04 22:29:44 +0200
  Processing by UsersController#new as HTML
Rendered layouts/_stylesheets.html.erb (1.2ms)
Rendered layouts/_header.html.erb (1.5ms)
Rendered layouts/_footer.html.erb (1.1ms)
Rendered users/new.html.erb within layouts/application (8.4ms)
Completed 200 OK in 13ms (Views: 12.8ms | ActiveRecord: 0.0ms)


Started GET "/home" for 127.0.0.1 at 2011-12-04 22:30:01 +0200

ActionController::RoutingError (No route matches "/home"):
  

Rendered /home/patl/.rvm/gems/ruby-1.9.2-p290@rails3tutorial/gems/actionpack-3.0.9/lib/action_dispatch/middleware/templates/rescues/routing_error.erb within rescues/layout (1.2ms)


Started GET "/pages/home" for 127.0.0.1 at 2011-12-04 22:30:05 +0200
  Processing by PagesController#home as HTML
Rendered layouts/_stylesheets.html.erb (1.1ms)
Rendered layouts/_header.html.erb (1.8ms)
Rendered layouts/_footer.html.erb (1.0ms)
Rendered pages/home.html.erb within layouts/application (9.0ms)
Completed 200 OK in 14ms (Views: 13.7ms | ActiveRecord: 0.0ms)


Started GET "/pages/home" for 127.0.0.1 at 2011-12-04 22:30:31 +0200
  Processing by PagesController#home as HTML
Rendered layouts/_stylesheets.html.erb (1.3ms)
Rendered layouts/_header.html.erb (1.4ms)
Rendered layouts/_footer.html.erb (0.8ms)
Rendered pages/home.html.erb within layouts/application (8.2ms)
Completed 200 OK in 13ms (Views: 12.4ms | ActiveRecord: 0.0ms)


Started GET "/pages/home" for 127.0.0.1 at 2011-12-04 22:32:10 +0200
  Processing by PagesController#home as HTML
Rendered layouts/_stylesheets.html.erb (1.2ms)
Rendered layouts/_header.html.erb (1.4ms)
Rendered layouts/_footer.html.erb (0.9ms)
Rendered pages/home.html.erb within layouts/application (8.5ms)
Completed 200 OK in 14ms (Views: 13.2ms | ActiveRecord: 0.0ms)


Started GET "/pages/home" for 127.0.0.1 at 2011-12-04 22:32:33 +0200
  Processing by PagesController#home as HTML
Rendered layouts/_stylesheets.html.erb (1.4ms)
Rendered layouts/_header.html.erb (1.7ms)
Rendered layouts/_footer.html.erb (0.9ms)
Rendered pages/home.html.erb within layouts/application (9.5ms)
Completed 200 OK in 14ms (Views: 13.8ms | ActiveRecord: 0.0ms)


Started GET "/pages/home" for 127.0.0.1 at 2011-12-04 22:53:24 +0200
  Processing by PagesController#home as HTML
Rendered layouts/_stylesheets.html.erb (2.8ms)
Rendered layouts/_header.html.erb (1.5ms)
Rendered layouts/_footer.html.erb (1.1ms)
Rendered pages/home.html.erb within layouts/application (12.6ms)
Completed 200 OK in 21ms (Views: 20.3ms | ActiveRecord: 0.0ms)
DEPRECATION WARNING: config.action_view.debug_rjs will be removed in 3.1, from 3.1 onwards you will need to install prototype-rails to continue to use RJS templates . (called from <top (required)> at /home/patl/rails_projects/sample_app/config/environment.rb:5)


Started GET "/home" for 127.0.0.1 at 2011-12-11 09:16:55 +0200

ActionController::RoutingError (No route matches "/home"):
  

Rendered /home/patl/.rvm/gems/ruby-1.9.2-p290@rails3tutorial/gems/actionpack-3.0.9/lib/action_dispatch/middleware/templates/rescues/routing_error.erb within rescues/layout (2.5ms)


Started GET "/about" for 127.0.0.1 at 2011-12-11 09:17:04 +0200
  Processing by PagesController#about as HTML
Rendered layouts/_stylesheets.html.erb (10.2ms)
Rendered layouts/_header.html.erb (1.7ms)
Rendered layouts/_footer.html.erb (1.5ms)
Rendered pages/about.html.erb within layouts/application (39.4ms)
Completed 200 OK in 71ms (Views: 70.6ms | ActiveRecord: 0.0ms)


Started GET "/about" for 127.0.0.1 at 2011-12-11 09:39:35 +0200
  Processing by PagesController#about as HTML
Rendered layouts/_stylesheets.html.erb (1.2ms)
Rendered layouts/_header.html.erb (1.4ms)
Rendered layouts/_footer.html.erb (0.9ms)
Rendered pages/about.html.erb within layouts/application (7.8ms)
Completed 200 OK in 14ms (Views: 13.2ms | ActiveRecord: 0.0ms)


Started GET "/help" for 127.0.0.1 at 2011-12-11 09:39:44 +0200
  Processing by PagesController#help as HTML
Rendered layouts/_stylesheets.html.erb (1.3ms)
Rendered layouts/_header.html.erb (1.5ms)
Rendered layouts/_footer.html.erb (1.0ms)
Rendered pages/help.html.erb within layouts/application (9.2ms)
Completed 200 OK in 29ms (Views: 28.7ms | ActiveRecord: 0.0ms)


Started GET "/about" for 127.0.0.1 at 2011-12-11 09:39:58 +0200
  Processing by PagesController#about as HTML
Rendered layouts/_stylesheets.html.erb (1.2ms)
Rendered layouts/_header.html.erb (1.8ms)
Rendered layouts/_footer.html.erb (1.1ms)
Rendered pages/about.html.erb within layouts/application (9.5ms)
Completed 200 OK in 16ms (Views: 15.3ms | ActiveRecord: 0.0ms)
DEPRECATION WARNING: config.action_view.debug_rjs will be removed in 3.1, from 3.1 onwards you will need to install prototype-rails to continue to use RJS templates . (called from <top (required)> at /home/patl/rails_projects/sample_app/config/environment.rb:5)


Started GET "/about" for 127.0.0.1 at 2011-12-11 17:09:39 +0200
  Processing by PagesController#about as HTML
Rendered layouts/_stylesheets.html.erb (9.5ms)
Rendered layouts/_header.html.erb (1.8ms)
Rendered layouts/_footer.html.erb (1.0ms)
Rendered pages/about.html.erb within layouts/application (39.1ms)
Completed 200 OK in 59ms (Views: 58.3ms | ActiveRecord: 0.0ms)
DEPRECATION WARNING: config.action_view.debug_rjs will be removed in 3.1, from 3.1 onwards you will need to install prototype-rails to continue to use RJS templates . (called from <top (required)> at /home/patl/rails_projects/sample_app/config/environment.rb:5)


Started GET "/students" for 127.0.0.1 at 2011-12-12 20:41:40 +0200

ActionController::RoutingError (No route matches "/students"):
  

Rendered /home/patl/.rvm/gems/ruby-1.9.2-p290@rails3tutorial/gems/actionpack-3.0.9/lib/action_dispatch/middleware/templates/rescues/routing_error.erb within rescues/layout (1.5ms)


Started GET "/students" for 127.0.0.1 at 2011-12-12 20:41:42 +0200

ActionController::RoutingError (No route matches "/students"):
  

Rendered /home/patl/.rvm/gems/ruby-1.9.2-p290@rails3tutorial/gems/actionpack-3.0.9/lib/action_dispatch/middleware/templates/rescues/routing_error.erb within rescues/layout (1.1ms)


Started GET "/about" for 127.0.0.1 at 2011-12-12 20:41:54 +0200
  Processing by PagesController#about as HTML
Rendered layouts/_stylesheets.html.erb (1.4ms)
Rendered layouts/_header.html.erb (1.7ms)
Rendered layouts/_footer.html.erb (1.2ms)
Rendered pages/about.html.erb within layouts/application (38.7ms)
Completed 200 OK in 58ms (Views: 57.5ms | ActiveRecord: 0.0ms)
DEPRECATION WARNING: config.action_view.debug_rjs will be removed in 3.1, from 3.1 onwards you will need to install prototype-rails to continue to use RJS templates . (called from <top (required)> at /home/patl/rails_projects/sample_app/config/environment.rb:5)


Started GET "/about" for 127.0.0.1 at 2011-12-12 20:44:57 +0200
  Processing by PagesController#about as HTML
Rendered layouts/_stylesheets.html.erb (1.4ms)
Rendered layouts/_header.html.erb (1.8ms)
Rendered layouts/_footer.html.erb (1.1ms)
Rendered pages/about.html.erb within layouts/application (9.3ms)
Completed 200 OK in 14ms (Views: 13.6ms | ActiveRecord: 0.0ms)


Started GET "/about" for 127.0.0.1 at 2011-12-12 20:45:00 +0200
  Processing by PagesController#about as HTML
Rendered layouts/_stylesheets.html.erb (1.5ms)
Rendered layouts/_header.html.erb (1.7ms)
Rendered layouts/_footer.html.erb (1.2ms)
Rendered pages/about.html.erb within layouts/application (10.2ms)
Completed 200 OK in 16ms (Views: 15.4ms | ActiveRecord: 0.0ms)


Started GET "/about" for 127.0.0.1 at 2011-12-12 20:46:15 +0200
  Processing by PagesController#about as HTML
Rendered layouts/_stylesheets.html.erb (1.5ms)
Rendered layouts/_header.html.erb (1.7ms)
Rendered layouts/_footer.html.erb (0.9ms)
Rendered pages/about.html.erb within layouts/application (8.6ms)
Completed 200 OK in 14ms (Views: 13.5ms | ActiveRecord: 0.0ms)


Started GET "/about" for 127.0.0.1 at 2011-12-12 20:46:16 +0200
  Processing by PagesController#about as HTML
Rendered layouts/_stylesheets.html.erb (1.5ms)
Rendered layouts/_header.html.erb (1.5ms)
Rendered layouts/_footer.html.erb (0.9ms)
Rendered pages/about.html.erb within layouts/application (8.7ms)
Completed 200 OK in 20ms (Views: 19.1ms | ActiveRecord: 0.0ms)


Started GET "/about" for 127.0.0.1 at 2011-12-12 20:47:32 +0200
  Processing by PagesController#about as HTML
Rendered layouts/_stylesheets.html.erb (1.2ms)
ERROR: compiling _app_views_layouts__header_html_erb___494567499_92503790__95289830 RAISED /home/patl/rails_projects/sample_app/app/views/layouts/_header.html.erb:8: syntax error, unexpected tIDENTIFIER, expecting ')'
      <li><%= link_to "Логин"></li>
                                 ^
/home/patl/rails_projects/sample_app/app/views/layouts/_header.html.erb:8: unterminated string meets end of file
/home/patl/rails_projects/sample_app/app/views/layouts/_header.html.erb:8: syntax error, unexpected $end, expecting ')'
Function body:           def _app_views_layouts__header_html_erb___494567499_92503790__95289830(local_assigns)
            _old_virtual_path, @_virtual_path = @_virtual_path, "layouts/_header";_old_output_buffer = @output_buffer;header = local_assigns[:header];;@output_buffer = ActionView::OutputBuffer.new;@output_buffer.safe_concat('<header>
');   logo = image_tag("logo.png", :alt => "Sample App", :class => "round") 
@output_buffer.safe_concat('  ');@output_buffer.append= ( link_to logo, root_path );@output_buffer.safe_concat('
');@output_buffer.safe_concat('  <nav class="round">
    <ul>
      <li>');@output_buffer.append= ( link_to "Додому", root_path );@output_buffer.safe_concat('</li>
      <li>');@output_buffer.append= ( link_to "Допомогаpath );@output_buffer.safe_concat('</li>
      <li><%= link_to "Логин"></li>
    </ul>
  </nav>
</header>
');@output_buffer.to_s
          ensure
            @_virtual_path, @output_buffer = _old_virtual_path, _old_output_buffer
          end
Backtrace: /home/patl/.rvm/gems/ruby-1.9.2-p290@rails3tutorial/gems/actionpack-3.0.9/lib/action_view/template.rb:258:in `module_eval'
/home/patl/.rvm/gems/ruby-1.9.2-p290@rails3tutorial/gems/actionpack-3.0.9/lib/action_view/template.rb:258:in `compile'
/home/patl/.rvm/gems/ruby-1.9.2-p290@rails3tutorial/gems/actionpack-3.0.9/lib/action_view/template.rb:134:in `block in render'
/home/patl/.rvm/gems/ruby-1.9.2-p290@rails3tutorial/gems/activesupport-3.0.9/lib/active_support/notifications.rb:54:in `instrument'
/home/patl/.rvm/gems/ruby-1.9.2-p290@rails3tutorial/gems/actionpack-3.0.9/lib/action_view/template.rb:127:in `render'
/home/patl/.rvm/gems/ruby-1.9.2-p290@rails3tutorial/gems/actionpack-3.0.9/lib/action_view/render/partials.rb:333:in `render_partial'
/home/patl/.rvm/gems/ruby-1.9.2-p290@rails3tutorial/gems/actionpack-3.0.9/lib/action_view/render/partials.rb:262:in `block in render'
/home/patl/.rvm/gems/ruby-1.9.2-p290@rails3tutorial/gems/activesupport-3.0.9/lib/active_support/notifications.rb:52:in `block in instrument'
/home/patl/.rvm/gems/ruby-1.9.2-p290@rails3tutorial/gems/activesupport-3.0.9/lib/active_support/notifications/instrumenter.rb:21:in `instrument'
/home/patl/.rvm/gems/ruby-1.9.2-p290@rails3tutorial/gems/activesupport-3.0.9/lib/active_support/notifications.rb:52:in `instrument'
/home/patl/.rvm/gems/ruby-1.9.2-p290@rails3tutorial/gems/actionpack-3.0.9/lib/action_view/render/partials.rb:260:in `render'
/home/patl/.rvm/gems/ruby-1.9.2-p290@rails3tutorial/gems/actionpack-3.0.9/lib/action_view/render/partials.rb:378:in `_render_partial'
/home/patl/.rvm/gems/ruby-1.9.2-p290@rails3tutorial/gems/actionpack-3.0.9/lib/action_view/render/rendering.rb:31:in `render'
/home/patl/rails_projects/sample_app/app/views/layouts/application.html.erb:10:in `_app_views_layouts_application_html_erb__1058566884_92560520__86237753'
/home/patl/.rvm/gems/ruby-1.9.2-p290@rails3tutorial/gems/actionpack-3.0.9/lib/action_view/template.rb:135:in `block in render'
/home/patl/.rvm/gems/ruby-1.9.2-p290@rails3tutorial/gems/activesupport-3.0.9/lib/active_support/notifications.rb:54:in `instrument'
/home/patl/.rvm/gems/ruby-1.9.2-p290@rails3tutorial/gems/actionpack-3.0.9/lib/action_view/template.rb:127:in `render'
/home/patl/.rvm/gems/ruby-1.9.2-p290@rails3tutorial/gems/actionpack-3.0.9/lib/action_view/render/layouts.rb:80:in `_render_layout'
/home/patl/.rvm/gems/ruby-1.9.2-p290@rails3tutorial/gems/actionpack-3.0.9/lib/action_view/render/rendering.rb:62:in `block in _render_template'
/home/patl/.rvm/gems/ruby-1.9.2-p290@rails3tutorial/gems/activesupport-3.0.9/lib/active_support/notifications.rb:52:in `block in instrument'
/home/patl/.rvm/gems/ruby-1.9.2-p290@rails3tutorial/gems/activesupport-3.0.9/lib/active_support/notifications/instrumenter.rb:21:in `instrument'
/home/patl/.rvm/gems/ruby-1.9.2-p290@rails3tutorial/gems/activesupport-3.0.9/lib/active_support/notifications.rb:52:in `instrument'
/home/patl/.rvm/gems/ruby-1.9.2-p290@rails3tutorial/gems/actionpack-3.0.9/lib/action_view/render/rendering.rb:56:in `_render_template'
/home/patl/.rvm/gems/ruby-1.9.2-p290@rails3tutorial/gems/actionpack-3.0.9/lib/action_view/render/rendering.rb:26:in `render'
/home/patl/.rvm/gems/ruby-1.9.2-p290@rails3tutorial/gems/actionpack-3.0.9/lib/abstract_controller/rendering.rb:115:in `_render_template'
/home/patl/.rvm/gems/ruby-1.9.2-p290@rails3tutorial/gems/actionpack-3.0.9/lib/abstract_controller/rendering.rb:109:in `render_to_body'
/home/patl/.rvm/gems/ruby-1.9.2-p290@rails3tutorial/gems/actionpack-3.0.9/lib/action_controller/metal/renderers.rb:47:in `render_to_body'
/home/patl/.rvm/gems/ruby-1.9.2-p290@rails3tutorial/gems/actionpack-3.0.9/lib/action_controller/metal/compatibility.rb:55:in `render_to_body'
/home/patl/.rvm/gems/ruby-1.9.2-p290@rails3tutorial/gems/actionpack-3.0.9/lib/abstract_controller/rendering.rb:102:in `render_to_string'
/home/patl/.rvm/gems/ruby-1.9.2-p290@rails3tutorial/gems/actionpack-3.0.9/lib/abstract_controller/rendering.rb:93:in `render'
/home/patl/.rvm/gems/ruby-1.9.2-p290@rails3tutorial/gems/actionpack-3.0.9/lib/action_controller/metal/rendering.rb:17:in `render'
/home/patl/.rvm/gems/ruby-1.9.2-p290@rails3tutorial/gems/actionpack-3.0.9/lib/action_controller/metal/instrumentation.rb:40:in `block (2 levels) in render'
/home/patl/.rvm/gems/ruby-1.9.2-p290@rails3tutorial/gems/activesupport-3.0.9/lib/active_support/core_ext/benchmark.rb:5:in `block in ms'
/home/patl/.rvm/rubies/ruby-1.9.2-p290/lib/ruby/1.9.1/benchmark.rb:310:in `realtime'
/home/patl/.rvm/gems/ruby-1.9.2-p290@rails3tutorial/gems/activesupport-3.0.9/lib/active_support/core_ext/benchmark.rb:5:in `ms'
/home/patl/.rvm/gems/ruby-1.9.2-p290@rails3tutorial/gems/actionpack-3.0.9/lib/action_controller/metal/instrumentation.rb:40:in `block in render'
/home/patl/.rvm/gems/ruby-1.9.2-p290@rails3tutorial/gems/actionpack-3.0.9/lib/action_controller/metal/instrumentation.rb:78:in `cleanup_view_runtime'
/home/patl/.rvm/gems/ruby-1.9.2-p290@rails3tutorial/gems/activerecord-3.0.9/lib/active_record/railties/controller_runtime.rb:15:in `cleanup_view_runtime'
/home/patl/.rvm/gems/ruby-1.9.2-p290@rails3tutorial/gems/actionpack-3.0.9/lib/action_controller/metal/instrumentation.rb:39:in `render'
/home/patl/.rvm/gems/ruby-1.9.2-p290@rails3tutorial/gems/actionpack-3.0.9/lib/action_controller/metal/implicit_render.rb:10:in `default_render'
/home/patl/.rvm/gems/ruby-1.9.2-p290@rails3tutorial/gems/actionpack-3.0.9/lib/action_controller/metal/implicit_render.rb:5:in `send_action'
/home/patl/.rvm/gems/ruby-1.9.2-p290@rails3tutorial/gems/actionpack-3.0.9/lib/abstract_controller/base.rb:150:in `process_action'
/home/patl/.rvm/gems/ruby-1.9.2-p290@rails3tutorial/gems/actionpack-3.0.9/lib/action_controller/metal/rendering.rb:11:in `process_action'
/home/patl/.rvm/gems/ruby-1.9.2-p290@rails3tutorial/gems/actionpack-3.0.9/lib/abstract_controller/callbacks.rb:18:in `block in process_action'
/home/patl/.rvm/gems/ruby-1.9.2-p290@rails3tutorial/gems/activesupport-3.0.9/lib/active_support/callbacks.rb:436:in `_run__350775593__process_action__795300079__callbacks'
/home/patl/.rvm/gems/ruby-1.9.2-p290@rails3tutorial/gems/activesupport-3.0.9/lib/active_support/callbacks.rb:410:in `_run_process_action_callbacks'
/home/patl/.rvm/gems/ruby-1.9.2-p290@rails3tutorial/gems/activesupport-3.0.9/lib/active_support/callbacks.rb:94:in `run_callbacks'
/home/patl/.rvm/gems/ruby-1.9.2-p290@rails3tutorial/gems/actionpack-3.0.9/lib/abstract_controller/callbacks.rb:17:in `process_action'
/home/patl/.rvm/gems/ruby-1.9.2-p290@rails3tutorial/gems/actionpack-3.0.9/lib/action_controller/metal/instrumentation.rb:30:in `block in process_action'
/home/patl/.rvm/gems/ruby-1.9.2-p290@rails3tutorial/gems/activesupport-3.0.9/lib/active_support/notifications.rb:52:in `block in instrument'
/home/patl/.rvm/gems/ruby-1.9.2-p290@rails3tutorial/gems/activesupport-3.0.9/lib/active_support/notifications/instrumenter.rb:21:in `instrument'
/home/patl/.rvm/gems/ruby-1.9.2-p290@rails3tutorial/gems/activesupport-3.0.9/lib/active_support/notifications.rb:52:in `instrument'
/home/patl/.rvm/gems/ruby-1.9.2-p290@rails3tutorial/gems/actionpack-3.0.9/lib/action_controller/metal/instrumentation.rb:29:in `process_action'
/home/patl/.rvm/gems/ruby-1.9.2-p290@rails3tutorial/gems/actionpack-3.0.9/lib/action_controller/metal/rescue.rb:17:in `process_action'
/home/patl/.rvm/gems/ruby-1.9.2-p290@rails3tutorial/gems/actionpack-3.0.9/lib/abstract_controller/base.rb:119:in `process'
/home/patl/.rvm/gems/ruby-1.9.2-p290@rails3tutorial/gems/actionpack-3.0.9/lib/abstract_controller/rendering.rb:41:in `process'
/home/patl/.rvm/gems/ruby-1.9.2-p290@rails3tutorial/gems/actionpack-3.0.9/lib/action_controller/metal.rb:138:in `dispatch'
/home/patl/.rvm/gems/ruby-1.9.2-p290@rails3tutorial/gems/actionpack-3.0.9/lib/action_controller/metal/rack_delegation.rb:14:in `dispatch'
/home/patl/.rvm/gems/ruby-1.9.2-p290@rails3tutorial/gems/actionpack-3.0.9/lib/action_controller/metal.rb:178:in `block in action'
/home/patl/.rvm/gems/ruby-1.9.2-p290@rails3tutorial/gems/actionpack-3.0.9/lib/action_dispatch/routing/route_set.rb:62:in `call'
/home/patl/.rvm/gems/ruby-1.9.2-p290@rails3tutorial/gems/actionpack-3.0.9/lib/action_dispatch/routing/route_set.rb:62:in `dispatch'
/home/patl/.rvm/gems/ruby-1.9.2-p290@rails3tutorial/gems/actionpack-3.0.9/lib/action_dispatch/routing/route_set.rb:27:in `call'
/home/patl/.rvm/gems/ruby-1.9.2-p290@rails3tutorial/gems/rack-mount-0.6.14/lib/rack/mount/route_set.rb:148:in `block in call'
/home/patl/.rvm/gems/ruby-1.9.2-p290@rails3tutorial/gems/rack-mount-0.6.14/lib/rack/mount/code_generation.rb:93:in `block in recognize'
/home/patl/.rvm/gems/ruby-1.9.2-p290@rails3tutorial/gems/rack-mount-0.6.14/lib/rack/mount/code_generation.rb:68:in `optimized_each'
/home/patl/.rvm/gems/ruby-1.9.2-p290@rails3tutorial/gems/rack-mount-0.6.14/lib/rack/mount/code_generation.rb:92:in `recognize'
/home/patl/.rvm/gems/ruby-1.9.2-p290@rails3tutorial/gems/rack-mount-0.6.14/lib/rack/mount/route_set.rb:139:in `call'
/home/patl/.rvm/gems/ruby-1.9.2-p290@rails3tutorial/gems/actionpack-3.0.9/lib/action_dispatch/routing/route_set.rb:493:in `call'
/home/patl/.rvm/gems/ruby-1.9.2-p290@rails3tutorial/gems/actionpack-3.0.9/lib/action_dispatch/middleware/best_standards_support.rb:17:in `call'
/home/patl/.rvm/gems/ruby-1.9.2-p290@rails3tutorial/gems/actionpack-3.0.9/lib/action_dispatch/middleware/head.rb:14:in `call'
/home/patl/.rvm/gems/ruby-1.9.2-p290@rails3tutorial/gems/rack-1.2.4/lib/rack/methodoverride.rb:24:in `call'
/home/patl/.rvm/gems/ruby-1.9.2-p290@rails3tutorial/gems/actionpack-3.0.9/lib/action_dispatch/middleware/params_parser.rb:21:in `call'
/home/patl/.rvm/gems/ruby-1.9.2-p290@rails3tutorial/gems/actionpack-3.0.9/lib/action_dispatch/middleware/flash.rb:182:in `call'
/home/patl/.rvm/gems/ruby-1.9.2-p290@rails3tutorial/gems/actionpack-3.0.9/lib/action_dispatch/middleware/session/abstract_store.rb:149:in `call'
/home/patl/.rvm/gems/ruby-1.9.2-p290@rails3tutorial/gems/actionpack-3.0.9/lib/action_dispatch/middleware/cookies.rb:302:in `call'
/home/patl/.rvm/gems/ruby-1.9.2-p290@rails3tutorial/gems/activerecord-3.0.9/lib/active_record/query_cache.rb:32:in `block in call'
/home/patl/.rvm/gems/ruby-1.9.2-p290@rails3tutorial/gems/activerecord-3.0.9/lib/active_record/connection_adapters/abstract/query_cache.rb:28:in `cache'
/home/patl/.rvm/gems/ruby-1.9.2-p290@rails3tutorial/gems/activerecord-3.0.9/lib/active_record/query_cache.rb:12:in `cache'
/home/patl/.rvm/gems/ruby-1.9.2-p290@rails3tutorial/gems/activerecord-3.0.9/lib/active_record/query_cache.rb:31:in `call'
/home/patl/.rvm/gems/ruby-1.9.2-p290@rails3tutorial/gems/activerecord-3.0.9/lib/active_record/connection_adapters/abstract/connection_pool.rb:354:in `call'
/home/patl/.rvm/gems/ruby-1.9.2-p290@rails3tutorial/gems/actionpack-3.0.9/lib/action_dispatch/middleware/callbacks.rb:46:in `block in call'
/home/patl/.rvm/gems/ruby-1.9.2-p290@rails3tutorial/gems/activesupport-3.0.9/lib/active_support/callbacks.rb:416:in `_run_call_callbacks'
/home/patl/.rvm/gems/ruby-1.9.2-p290@rails3tutorial/gems/actionpack-3.0.9/lib/action_dispatch/middleware/callbacks.rb:44:in `call'
/home/patl/.rvm/gems/ruby-1.9.2-p290@rails3tutorial/gems/rack-1.2.4/lib/rack/sendfile.rb:106:in `call'
/home/patl/.rvm/gems/ruby-1.9.2-p290@rails3tutorial/gems/actionpack-3.0.9/lib/action_dispatch/middleware/remote_ip.rb:48:in `call'
/home/patl/.rvm/gems/ruby-1.9.2-p290@rails3tutorial/gems/actionpack-3.0.9/lib/action_dispatch/middleware/show_exceptions.rb:47:in `call'
/home/patl/.rvm/gems/ruby-1.9.2-p290@rails3tutorial/gems/railties-3.0.9/lib/rails/rack/logger.rb:13:in `call'
/home/patl/.rvm/gems/ruby-1.9.2-p290@rails3tutorial/gems/rack-1.2.4/lib/rack/runtime.rb:17:in `call'
/home/patl/.rvm/gems/ruby-1.9.2-p290@rails3tutorial/gems/activesupport-3.0.9/lib/active_support/cache/strategy/local_cache.rb:72:in `call'
/home/patl/.rvm/gems/ruby-1.9.2-p290@rails3tutorial/gems/rack-1.2.4/lib/rack/lock.rb:11:in `block in call'
<internal:prelude>:10:in `synchronize'
/home/patl/.rvm/gems/ruby-1.9.2-p290@rails3tutorial/gems/rack-1.2.4/lib/rack/lock.rb:11:in `call'
/home/patl/.rvm/gems/ruby-1.9.2-p290@rails3tutorial/gems/actionpack-3.0.9/lib/action_dispatch/middleware/static.rb:30:in `call'
/home/patl/.rvm/gems/ruby-1.9.2-p290@rails3tutorial/gems/railties-3.0.9/lib/rails/application.rb:168:in `call'
/home/patl/.rvm/gems/ruby-1.9.2-p290@rails3tutorial/gems/railties-3.0.9/lib/rails/application.rb:77:in `method_missing'
/home/patl/.rvm/gems/ruby-1.9.2-p290@rails3tutorial/gems/railties-3.0.9/lib/rails/rack/log_tailer.rb:14:in `call'
/home/patl/.rvm/gems/ruby-1.9.2-p290@rails3tutorial/gems/rack-1.2.4/lib/rack/content_length.rb:13:in `call'
/home/patl/.rvm/gems/ruby-1.9.2-p290@rails3tutorial/gems/rack-1.2.4/lib/rack/handler/webrick.rb:52:in `service'
/home/patl/.rvm/rubies/ruby-1.9.2-p290/lib/ruby/1.9.1/webrick/httpserver.rb:111:in `service'
/home/patl/.rvm/rubies/ruby-1.9.2-p290/lib/ruby/1.9.1/webrick/httpserver.rb:70:in `run'
/home/patl/.rvm/rubies/ruby-1.9.2-p290/lib/ruby/1.9.1/webrick/server.rb:183:in `block in start_thread'
Rendered layouts/_header.html.erb (52.7ms)
Rendered pages/about.html.erb within layouts/application (57.3ms)
Completed 500 Internal Server Error in 62ms


Started GET "/about" for 127.0.0.1 at 2011-12-12 20:47:34 +0200
  Processing by PagesController#about as HTML
Rendered layouts/_stylesheets.html.erb (1.3ms)
ERROR: compiling _app_views_layouts__header_html_erb___494567499_90347360__95289830 RAISED /home/patl/rails_projects/sample_app/app/views/layouts/_header.html.erb:8: syntax error, unexpected tIDENTIFIER, expecting ')'
      <li><%= link_to "Логин"></li>
                                 ^
/home/patl/rails_projects/sample_app/app/views/layouts/_header.html.erb:8: unterminated string meets end of file
/home/patl/rails_projects/sample_app/app/views/layouts/_header.html.erb:8: syntax error, unexpected $end, expecting ')'
Function body:           def _app_views_layouts__header_html_erb___494567499_90347360__95289830(local_assigns)
            _old_virtual_path, @_virtual_path = @_virtual_path, "layouts/_header";_old_output_buffer = @output_buffer;header = local_assigns[:header];;@output_buffer = ActionView::OutputBuffer.new;@output_buffer.safe_concat('<header>
');   logo = image_tag("logo.png", :alt => "Sample App", :class => "round") 
@output_buffer.safe_concat('  ');@output_buffer.append= ( link_to logo, root_path );@output_buffer.safe_concat('
');@output_buffer.safe_concat('  <nav class="round">
    <ul>
      <li>');@output_buffer.append= ( link_to "Додому", root_path );@output_buffer.safe_concat('</li>
      <li>');@output_buffer.append= ( link_to "Допомогаpath );@output_buffer.safe_concat('</li>
      <li><%= link_to "Логин"></li>
    </ul>
  </nav>
</header>
');@output_buffer.to_s
          ensure
            @_virtual_path, @output_buffer = _old_virtual_path, _old_output_buffer
          end
Backtrace: /home/patl/.rvm/gems/ruby-1.9.2-p290@rails3tutorial/gems/actionpack-3.0.9/lib/action_view/template.rb:258:in `module_eval'
/home/patl/.rvm/gems/ruby-1.9.2-p290@rails3tutorial/gems/actionpack-3.0.9/lib/action_view/template.rb:258:in `compile'
/home/patl/.rvm/gems/ruby-1.9.2-p290@rails3tutorial/gems/actionpack-3.0.9/lib/action_view/template.rb:134:in `block in render'
/home/patl/.rvm/gems/ruby-1.9.2-p290@rails3tutorial/gems/activesupport-3.0.9/lib/active_support/notifications.rb:54:in `instrument'
/home/patl/.rvm/gems/ruby-1.9.2-p290@rails3tutorial/gems/actionpack-3.0.9/lib/action_view/template.rb:127:in `render'
/home/patl/.rvm/gems/ruby-1.9.2-p290@rails3tutorial/gems/actionpack-3.0.9/lib/action_view/render/partials.rb:333:in `render_partial'
/home/patl/.rvm/gems/ruby-1.9.2-p290@rails3tutorial/gems/actionpack-3.0.9/lib/action_view/render/partials.rb:262:in `block in render'
/home/patl/.rvm/gems/ruby-1.9.2-p290@rails3tutorial/gems/activesupport-3.0.9/lib/active_support/notifications.rb:52:in `block in instrument'
/home/patl/.rvm/gems/ruby-1.9.2-p290@rails3tutorial/gems/activesupport-3.0.9/lib/active_support/notifications/instrumenter.rb:21:in `instrument'
/home/patl/.rvm/gems/ruby-1.9.2-p290@rails3tutorial/gems/activesupport-3.0.9/lib/active_support/notifications.rb:52:in `instrument'
/home/patl/.rvm/gems/ruby-1.9.2-p290@rails3tutorial/gems/actionpack-3.0.9/lib/action_view/render/partials.rb:260:in `render'
/home/patl/.rvm/gems/ruby-1.9.2-p290@rails3tutorial/gems/actionpack-3.0.9/lib/action_view/render/partials.rb:378:in `_render_partial'
/home/patl/.rvm/gems/ruby-1.9.2-p290@rails3tutorial/gems/actionpack-3.0.9/lib/action_view/render/rendering.rb:31:in `render'
/home/patl/rails_projects/sample_app/app/views/layouts/application.html.erb:10:in `_app_views_layouts_application_html_erb__1058566884_90806440__86237753'
/home/patl/.rvm/gems/ruby-1.9.2-p290@rails3tutorial/gems/actionpack-3.0.9/lib/action_view/template.rb:135:in `block in render'
/home/patl/.rvm/gems/ruby-1.9.2-p290@rails3tutorial/gems/activesupport-3.0.9/lib/active_support/notifications.rb:54:in `instrument'
/home/patl/.rvm/gems/ruby-1.9.2-p290@rails3tutorial/gems/actionpack-3.0.9/lib/action_view/template.rb:127:in `render'
/home/patl/.rvm/gems/ruby-1.9.2-p290@rails3tutorial/gems/actionpack-3.0.9/lib/action_view/render/layouts.rb:80:in `_render_layout'
/home/patl/.rvm/gems/ruby-1.9.2-p290@rails3tutorial/gems/actionpack-3.0.9/lib/action_view/render/rendering.rb:62:in `block in _render_template'
/home/patl/.rvm/gems/ruby-1.9.2-p290@rails3tutorial/gems/activesupport-3.0.9/lib/active_support/notifications.rb:52:in `block in instrument'
/home/patl/.rvm/gems/ruby-1.9.2-p290@rails3tutorial/gems/activesupport-3.0.9/lib/active_support/notifications/instrumenter.rb:21:in `instrument'
/home/patl/.rvm/gems/ruby-1.9.2-p290@rails3tutorial/gems/activesupport-3.0.9/lib/active_support/notifications.rb:52:in `instrument'
/home/patl/.rvm/gems/ruby-1.9.2-p290@rails3tutorial/gems/actionpack-3.0.9/lib/action_view/render/rendering.rb:56:in `_render_template'
/home/patl/.rvm/gems/ruby-1.9.2-p290@rails3tutorial/gems/actionpack-3.0.9/lib/action_view/render/rendering.rb:26:in `render'
/home/patl/.rvm/gems/ruby-1.9.2-p290@rails3tutorial/gems/actionpack-3.0.9/lib/abstract_controller/rendering.rb:115:in `_render_template'
/home/patl/.rvm/gems/ruby-1.9.2-p290@rails3tutorial/gems/actionpack-3.0.9/lib/abstract_controller/rendering.rb:109:in `render_to_body'
/home/patl/.rvm/gems/ruby-1.9.2-p290@rails3tutorial/gems/actionpack-3.0.9/lib/action_controller/metal/renderers.rb:47:in `render_to_body'
/home/patl/.rvm/gems/ruby-1.9.2-p290@rails3tutorial/gems/actionpack-3.0.9/lib/action_controller/metal/compatibility.rb:55:in `render_to_body'
/home/patl/.rvm/gems/ruby-1.9.2-p290@rails3tutorial/gems/actionpack-3.0.9/lib/abstract_controller/rendering.rb:102:in `render_to_string'
/home/patl/.rvm/gems/ruby-1.9.2-p290@rails3tutorial/gems/actionpack-3.0.9/lib/abstract_controller/rendering.rb:93:in `render'
/home/patl/.rvm/gems/ruby-1.9.2-p290@rails3tutorial/gems/actionpack-3.0.9/lib/action_controller/metal/rendering.rb:17:in `render'
/home/patl/.rvm/gems/ruby-1.9.2-p290@rails3tutorial/gems/actionpack-3.0.9/lib/action_controller/metal/instrumentation.rb:40:in `block (2 levels) in render'
/home/patl/.rvm/gems/ruby-1.9.2-p290@rails3tutorial/gems/activesupport-3.0.9/lib/active_support/core_ext/benchmark.rb:5:in `block in ms'
/home/patl/.rvm/rubies/ruby-1.9.2-p290/lib/ruby/1.9.1/benchmark.rb:310:in `realtime'
/home/patl/.rvm/gems/ruby-1.9.2-p290@rails3tutorial/gems/activesupport-3.0.9/lib/active_support/core_ext/benchmark.rb:5:in `ms'
/home/patl/.rvm/gems/ruby-1.9.2-p290@rails3tutorial/gems/actionpack-3.0.9/lib/action_controller/metal/instrumentation.rb:40:in `block in render'
/home/patl/.rvm/gems/ruby-1.9.2-p290@rails3tutorial/gems/actionpack-3.0.9/lib/action_controller/metal/instrumentation.rb:78:in `cleanup_view_runtime'
/home/patl/.rvm/gems/ruby-1.9.2-p290@rails3tutorial/gems/activerecord-3.0.9/lib/active_record/railties/controller_runtime.rb:15:in `cleanup_view_runtime'
/home/patl/.rvm/gems/ruby-1.9.2-p290@rails3tutorial/gems/actionpack-3.0.9/lib/action_controller/metal/instrumentation.rb:39:in `render'
/home/patl/.rvm/gems/ruby-1.9.2-p290@rails3tutorial/gems/actionpack-3.0.9/lib/action_controller/metal/implicit_render.rb:10:in `default_render'
/home/patl/.rvm/gems/ruby-1.9.2-p290@rails3tutorial/gems/actionpack-3.0.9/lib/action_controller/metal/implicit_render.rb:5:in `send_action'
/home/patl/.rvm/gems/ruby-1.9.2-p290@rails3tutorial/gems/actionpack-3.0.9/lib/abstract_controller/base.rb:150:in `process_action'
/home/patl/.rvm/gems/ruby-1.9.2-p290@rails3tutorial/gems/actionpack-3.0.9/lib/action_controller/metal/rendering.rb:11:in `process_action'
/home/patl/.rvm/gems/ruby-1.9.2-p290@rails3tutorial/gems/actionpack-3.0.9/lib/abstract_controller/callbacks.rb:18:in `block in process_action'
/home/patl/.rvm/gems/ruby-1.9.2-p290@rails3tutorial/gems/activesupport-3.0.9/lib/active_support/callbacks.rb:436:in `_run__350775593__process_action__795300079__callbacks'
/home/patl/.rvm/gems/ruby-1.9.2-p290@rails3tutorial/gems/activesupport-3.0.9/lib/active_support/callbacks.rb:410:in `_run_process_action_callbacks'
/home/patl/.rvm/gems/ruby-1.9.2-p290@rails3tutorial/gems/activesupport-3.0.9/lib/active_support/callbacks.rb:94:in `run_callbacks'
/home/patl/.rvm/gems/ruby-1.9.2-p290@rails3tutorial/gems/actionpack-3.0.9/lib/abstract_controller/callbacks.rb:17:in `process_action'
/home/patl/.rvm/gems/ruby-1.9.2-p290@rails3tutorial/gems/actionpack-3.0.9/lib/action_controller/metal/instrumentation.rb:30:in `block in process_action'
/home/patl/.rvm/gems/ruby-1.9.2-p290@rails3tutorial/gems/activesupport-3.0.9/lib/active_support/notifications.rb:52:in `block in instrument'
/home/patl/.rvm/gems/ruby-1.9.2-p290@rails3tutorial/gems/activesupport-3.0.9/lib/active_support/notifications/instrumenter.rb:21:in `instrument'
/home/patl/.rvm/gems/ruby-1.9.2-p290@rails3tutorial/gems/activesupport-3.0.9/lib/active_support/notifications.rb:52:in `instrument'
/home/patl/.rvm/gems/ruby-1.9.2-p290@rails3tutorial/gems/actionpack-3.0.9/lib/action_controller/metal/instrumentation.rb:29:in `process_action'
/home/patl/.rvm/gems/ruby-1.9.2-p290@rails3tutorial/gems/actionpack-3.0.9/lib/action_controller/metal/rescue.rb:17:in `process_action'
/home/patl/.rvm/gems/ruby-1.9.2-p290@rails3tutorial/gems/actionpack-3.0.9/lib/abstract_controller/base.rb:119:in `process'
/home/patl/.rvm/gems/ruby-1.9.2-p290@rails3tutorial/gems/actionpack-3.0.9/lib/abstract_controller/rendering.rb:41:in `process'
/home/patl/.rvm/gems/ruby-1.9.2-p290@rails3tutorial/gems/actionpack-3.0.9/lib/action_controller/metal.rb:138:in `dispatch'
/home/patl/.rvm/gems/ruby-1.9.2-p290@rails3tutorial/gems/actionpack-3.0.9/lib/action_controller/metal/rack_delegation.rb:14:in `dispatch'
/home/patl/.rvm/gems/ruby-1.9.2-p290@rails3tutorial/gems/actionpack-3.0.9/lib/action_controller/metal.rb:178:in `block in action'
/home/patl/.rvm/gems/ruby-1.9.2-p290@rails3tutorial/gems/actionpack-3.0.9/lib/action_dispatch/routing/route_set.rb:62:in `call'
/home/patl/.rvm/gems/ruby-1.9.2-p290@rails3tutorial/gems/actionpack-3.0.9/lib/action_dispatch/routing/route_set.rb:62:in `dispatch'
/home/patl/.rvm/gems/ruby-1.9.2-p290@rails3tutorial/gems/actionpack-3.0.9/lib/action_dispatch/routing/route_set.rb:27:in `call'
/home/patl/.rvm/gems/ruby-1.9.2-p290@rails3tutorial/gems/rack-mount-0.6.14/lib/rack/mount/route_set.rb:148:in `block in call'
/home/patl/.rvm/gems/ruby-1.9.2-p290@rails3tutorial/gems/rack-mount-0.6.14/lib/rack/mount/code_generation.rb:93:in `block in recognize'
/home/patl/.rvm/gems/ruby-1.9.2-p290@rails3tutorial/gems/rack-mount-0.6.14/lib/rack/mount/code_generation.rb:68:in `optimized_each'
/home/patl/.rvm/gems/ruby-1.9.2-p290@rails3tutorial/gems/rack-mount-0.6.14/lib/rack/mount/code_generation.rb:92:in `recognize'
/home/patl/.rvm/gems/ruby-1.9.2-p290@rails3tutorial/gems/rack-mount-0.6.14/lib/rack/mount/route_set.rb:139:in `call'
/home/patl/.rvm/gems/ruby-1.9.2-p290@rails3tutorial/gems/actionpack-3.0.9/lib/action_dispatch/routing/route_set.rb:493:in `call'
/home/patl/.rvm/gems/ruby-1.9.2-p290@rails3tutorial/gems/actionpack-3.0.9/lib/action_dispatch/middleware/best_standards_support.rb:17:in `call'
/home/patl/.rvm/gems/ruby-1.9.2-p290@rails3tutorial/gems/actionpack-3.0.9/lib/action_dispatch/middleware/head.rb:14:in `call'
/home/patl/.rvm/gems/ruby-1.9.2-p290@rails3tutorial/gems/rack-1.2.4/lib/rack/methodoverride.rb:24:in `call'
/home/patl/.rvm/gems/ruby-1.9.2-p290@rails3tutorial/gems/actionpack-3.0.9/lib/action_dispatch/middleware/params_parser.rb:21:in `call'
/home/patl/.rvm/gems/ruby-1.9.2-p290@rails3tutorial/gems/actionpack-3.0.9/lib/action_dispatch/middleware/flash.rb:182:in `call'
/home/patl/.rvm/gems/ruby-1.9.2-p290@rails3tutorial/gems/actionpack-3.0.9/lib/action_dispatch/middleware/session/abstract_store.rb:149:in `call'
/home/patl/.rvm/gems/ruby-1.9.2-p290@rails3tutorial/gems/actionpack-3.0.9/lib/action_dispatch/middleware/cookies.rb:302:in `call'
/home/patl/.rvm/gems/ruby-1.9.2-p290@rails3tutorial/gems/activerecord-3.0.9/lib/active_record/query_cache.rb:32:in `block in call'
/home/patl/.rvm/gems/ruby-1.9.2-p290@rails3tutorial/gems/activerecord-3.0.9/lib/active_record/connection_adapters/abstract/query_cache.rb:28:in `cache'
/home/patl/.rvm/gems/ruby-1.9.2-p290@rails3tutorial/gems/activerecord-3.0.9/lib/active_record/query_cache.rb:12:in `cache'
/home/patl/.rvm/gems/ruby-1.9.2-p290@rails3tutorial/gems/activerecord-3.0.9/lib/active_record/query_cache.rb:31:in `call'
/home/patl/.rvm/gems/ruby-1.9.2-p290@rails3tutorial/gems/activerecord-3.0.9/lib/active_record/connection_adapters/abstract/connection_pool.rb:354:in `call'
/home/patl/.rvm/gems/ruby-1.9.2-p290@rails3tutorial/gems/actionpack-3.0.9/lib/action_dispatch/middleware/callbacks.rb:46:in `block in call'
/home/patl/.rvm/gems/ruby-1.9.2-p290@rails3tutorial/gems/activesupport-3.0.9/lib/active_support/callbacks.rb:416:in `_run_call_callbacks'
/home/patl/.rvm/gems/ruby-1.9.2-p290@rails3tutorial/gems/actionpack-3.0.9/lib/action_dispatch/middleware/callbacks.rb:44:in `call'
/home/patl/.rvm/gems/ruby-1.9.2-p290@rails3tutorial/gems/rack-1.2.4/lib/rack/sendfile.rb:106:in `call'
/home/patl/.rvm/gems/ruby-1.9.2-p290@rails3tutorial/gems/actionpack-3.0.9/lib/action_dispatch/middleware/remote_ip.rb:48:in `call'
/home/patl/.rvm/gems/ruby-1.9.2-p290@rails3tutorial/gems/actionpack-3.0.9/lib/action_dispatch/middleware/show_exceptions.rb:47:in `call'
/home/patl/.rvm/gems/ruby-1.9.2-p290@rails3tutorial/gems/railties-3.0.9/lib/rails/rack/logger.rb:13:in `call'
/home/patl/.rvm/gems/ruby-1.9.2-p290@rails3tutorial/gems/rack-1.2.4/lib/rack/runtime.rb:17:in `call'
/home/patl/.rvm/gems/ruby-1.9.2-p290@rails3tutorial/gems/activesupport-3.0.9/lib/active_support/cache/strategy/local_cache.rb:72:in `call'
/home/patl/.rvm/gems/ruby-1.9.2-p290@rails3tutorial/gems/rack-1.2.4/lib/rack/lock.rb:11:in `block in call'
<internal:prelude>:10:in `synchronize'
/home/patl/.rvm/gems/ruby-1.9.2-p290@rails3tutorial/gems/rack-1.2.4/lib/rack/lock.rb:11:in `call'
/home/patl/.rvm/gems/ruby-1.9.2-p290@rails3tutorial/gems/actionpack-3.0.9/lib/action_dispatch/middleware/static.rb:30:in `call'
/home/patl/.rvm/gems/ruby-1.9.2-p290@rails3tutorial/gems/railties-3.0.9/lib/rails/application.rb:168:in `call'
/home/patl/.rvm/gems/ruby-1.9.2-p290@rails3tutorial/gems/railties-3.0.9/lib/rails/application.rb:77:in `method_missing'
/home/patl/.rvm/gems/ruby-1.9.2-p290@rails3tutorial/gems/railties-3.0.9/lib/rails/rack/log_tailer.rb:14:in `call'
/home/patl/.rvm/gems/ruby-1.9.2-p290@rails3tutorial/gems/rack-1.2.4/lib/rack/content_length.rb:13:in `call'
/home/patl/.rvm/gems/ruby-1.9.2-p290@rails3tutorial/gems/rack-1.2.4/lib/rack/handler/webrick.rb:52:in `service'
/home/patl/.rvm/rubies/ruby-1.9.2-p290/lib/ruby/1.9.1/webrick/httpserver.rb:111:in `service'
/home/patl/.rvm/rubies/ruby-1.9.2-p290/lib/ruby/1.9.1/webrick/httpserver.rb:70:in `run'
/home/patl/.rvm/rubies/ruby-1.9.2-p290/lib/ruby/1.9.1/webrick/server.rb:183:in `block in start_thread'
Rendered layouts/_header.html.erb (1.2ms)
Rendered pages/about.html.erb within layouts/application (6.1ms)
Completed 500 Internal Server Error in 12ms


Started GET "/about" for 127.0.0.1 at 2011-12-12 20:47:35 +0200
  Processing by PagesController#about as HTML
Rendered layouts/_stylesheets.html.erb (1.3ms)
ERROR: compiling _app_views_layouts__header_html_erb___494567499_89069210__95289830 RAISED /home/patl/rails_projects/sample_app/app/views/layouts/_header.html.erb:8: syntax error, unexpected tIDENTIFIER, expecting ')'
      <li><%= link_to "Логин"></li>
                                 ^
/home/patl/rails_projects/sample_app/app/views/layouts/_header.html.erb:8: unterminated string meets end of file
/home/patl/rails_projects/sample_app/app/views/layouts/_header.html.erb:8: syntax error, unexpected $end, expecting ')'
Function body:           def _app_views_layouts__header_html_erb___494567499_89069210__95289830(local_assigns)
            _old_virtual_path, @_virtual_path = @_virtual_path, "layouts/_header";_old_output_buffer = @output_buffer;header = local_assigns[:header];;@output_buffer = ActionView::OutputBuffer.new;@output_buffer.safe_concat('<header>
');   logo = image_tag("logo.png", :alt => "Sample App", :class => "round") 
@output_buffer.safe_concat('  ');@output_buffer.append= ( link_to logo, root_path );@output_buffer.safe_concat('
');@output_buffer.safe_concat('  <nav class="round">
    <ul>
      <li>');@output_buffer.append= ( link_to "Додому", root_path );@output_buffer.safe_concat('</li>
      <li>');@output_buffer.append= ( link_to "Допомогаpath );@output_buffer.safe_concat('</li>
      <li><%= link_to "Логин"></li>
    </ul>
  </nav>
</header>
');@output_buffer.to_s
          ensure
            @_virtual_path, @output_buffer = _old_virtual_path, _old_output_buffer
          end
Backtrace: /home/patl/.rvm/gems/ruby-1.9.2-p290@rails3tutorial/gems/actionpack-3.0.9/lib/action_view/template.rb:258:in `module_eval'
/home/patl/.rvm/gems/ruby-1.9.2-p290@rails3tutorial/gems/actionpack-3.0.9/lib/action_view/template.rb:258:in `compile'
/home/patl/.rvm/gems/ruby-1.9.2-p290@rails3tutorial/gems/actionpack-3.0.9/lib/action_view/template.rb:134:in `block in render'
/home/patl/.rvm/gems/ruby-1.9.2-p290@rails3tutorial/gems/activesupport-3.0.9/lib/active_support/notifications.rb:54:in `instrument'
/home/patl/.rvm/gems/ruby-1.9.2-p290@rails3tutorial/gems/actionpack-3.0.9/lib/action_view/template.rb:127:in `render'
/home/patl/.rvm/gems/ruby-1.9.2-p290@rails3tutorial/gems/actionpack-3.0.9/lib/action_view/render/partials.rb:333:in `render_partial'
/home/patl/.rvm/gems/ruby-1.9.2-p290@rails3tutorial/gems/actionpack-3.0.9/lib/action_view/render/partials.rb:262:in `block in render'
/home/patl/.rvm/gems/ruby-1.9.2-p290@rails3tutorial/gems/activesupport-3.0.9/lib/active_support/notifications.rb:52:in `block in instrument'
/home/patl/.rvm/gems/ruby-1.9.2-p290@rails3tutorial/gems/activesupport-3.0.9/lib/active_support/notifications/instrumenter.rb:21:in `instrument'
/home/patl/.rvm/gems/ruby-1.9.2-p290@rails3tutorial/gems/activesupport-3.0.9/lib/active_support/notifications.rb:52:in `instrument'
/home/patl/.rvm/gems/ruby-1.9.2-p290@rails3tutorial/gems/actionpack-3.0.9/lib/action_view/render/partials.rb:260:in `render'
/home/patl/.rvm/gems/ruby-1.9.2-p290@rails3tutorial/gems/actionpack-3.0.9/lib/action_view/render/partials.rb:378:in `_render_partial'
/home/patl/.rvm/gems/ruby-1.9.2-p290@rails3tutorial/gems/actionpack-3.0.9/lib/action_view/render/rendering.rb:31:in `render'
/home/patl/rails_projects/sample_app/app/views/layouts/application.html.erb:10:in `_app_views_layouts_application_html_erb__1058566884_89207580__86237753'
/home/patl/.rvm/gems/ruby-1.9.2-p290@rails3tutorial/gems/actionpack-3.0.9/lib/action_view/template.rb:135:in `block in render'
/home/patl/.rvm/gems/ruby-1.9.2-p290@rails3tutorial/gems/activesupport-3.0.9/lib/active_support/notifications.rb:54:in `instrument'
/home/patl/.rvm/gems/ruby-1.9.2-p290@rails3tutorial/gems/actionpack-3.0.9/lib/action_view/template.rb:127:in `render'
/home/patl/.rvm/gems/ruby-1.9.2-p290@rails3tutorial/gems/actionpack-3.0.9/lib/action_view/render/layouts.rb:80:in `_render_layout'
/home/patl/.rvm/gems/ruby-1.9.2-p290@rails3tutorial/gems/actionpack-3.0.9/lib/action_view/render/rendering.rb:62:in `block in _render_template'
/home/patl/.rvm/gems/ruby-1.9.2-p290@rails3tutorial/gems/activesupport-3.0.9/lib/active_support/notifications.rb:52:in `block in instrument'
/home/patl/.rvm/gems/ruby-1.9.2-p290@rails3tutorial/gems/activesupport-3.0.9/lib/active_support/notifications/instrumenter.rb:21:in `instrument'
/home/patl/.rvm/gems/ruby-1.9.2-p290@rails3tutorial/gems/activesupport-3.0.9/lib/active_support/notifications.rb:52:in `instrument'
/home/patl/.rvm/gems/ruby-1.9.2-p290@rails3tutorial/gems/actionpack-3.0.9/lib/action_view/render/rendering.rb:56:in `_render_template'
/home/patl/.rvm/gems/ruby-1.9.2-p290@rails3tutorial/gems/actionpack-3.0.9/lib/action_view/render/rendering.rb:26:in `render'
/home/patl/.rvm/gems/ruby-1.9.2-p290@rails3tutorial/gems/actionpack-3.0.9/lib/abstract_controller/rendering.rb:115:in `_render_template'
/home/patl/.rvm/gems/ruby-1.9.2-p290@rails3tutorial/gems/actionpack-3.0.9/lib/abstract_controller/rendering.rb:109:in `render_to_body'
/home/patl/.rvm/gems/ruby-1.9.2-p290@rails3tutorial/gems/actionpack-3.0.9/lib/action_controller/metal/renderers.rb:47:in `render_to_body'
/home/patl/.rvm/gems/ruby-1.9.2-p290@rails3tutorial/gems/actionpack-3.0.9/lib/action_controller/metal/compatibility.rb:55:in `render_to_body'
/home/patl/.rvm/gems/ruby-1.9.2-p290@rails3tutorial/gems/actionpack-3.0.9/lib/abstract_controller/rendering.rb:102:in `render_to_string'
/home/patl/.rvm/gems/ruby-1.9.2-p290@rails3tutorial/gems/actionpack-3.0.9/lib/abstract_controller/rendering.rb:93:in `render'
/home/patl/.rvm/gems/ruby-1.9.2-p290@rails3tutorial/gems/actionpack-3.0.9/lib/action_controller/metal/rendering.rb:17:in `render'
/home/patl/.rvm/gems/ruby-1.9.2-p290@rails3tutorial/gems/actionpack-3.0.9/lib/action_controller/metal/instrumentation.rb:40:in `block (2 levels) in render'
/home/patl/.rvm/gems/ruby-1.9.2-p290@rails3tutorial/gems/activesupport-3.0.9/lib/active_support/core_ext/benchmark.rb:5:in `block in ms'
/home/patl/.rvm/rubies/ruby-1.9.2-p290/lib/ruby/1.9.1/benchmark.rb:310:in `realtime'
/home/patl/.rvm/gems/ruby-1.9.2-p290@rails3tutorial/gems/activesupport-3.0.9/lib/active_support/core_ext/benchmark.rb:5:in `ms'
/home/patl/.rvm/gems/ruby-1.9.2-p290@rails3tutorial/gems/actionpack-3.0.9/lib/action_controller/metal/instrumentation.rb:40:in `block in render'
/home/patl/.rvm/gems/ruby-1.9.2-p290@rails3tutorial/gems/actionpack-3.0.9/lib/action_controller/metal/instrumentation.rb:78:in `cleanup_view_runtime'
/home/patl/.rvm/gems/ruby-1.9.2-p290@rails3tutorial/gems/activerecord-3.0.9/lib/active_record/railties/controller_runtime.rb:15:in `cleanup_view_runtime'
/home/patl/.rvm/gems/ruby-1.9.2-p290@rails3tutorial/gems/actionpack-3.0.9/lib/action_controller/metal/instrumentation.rb:39:in `render'
/home/patl/.rvm/gems/ruby-1.9.2-p290@rails3tutorial/gems/actionpack-3.0.9/lib/action_controller/metal/implicit_render.rb:10:in `default_render'
/home/patl/.rvm/gems/ruby-1.9.2-p290@rails3tutorial/gems/actionpack-3.0.9/lib/action_controller/metal/implicit_render.rb:5:in `send_action'
/home/patl/.rvm/gems/ruby-1.9.2-p290@rails3tutorial/gems/actionpack-3.0.9/lib/abstract_controller/base.rb:150:in `process_action'
/home/patl/.rvm/gems/ruby-1.9.2-p290@rails3tutorial/gems/actionpack-3.0.9/lib/action_controller/metal/rendering.rb:11:in `process_action'
/home/patl/.rvm/gems/ruby-1.9.2-p290@rails3tutorial/gems/actionpack-3.0.9/lib/abstract_controller/callbacks.rb:18:in `block in process_action'
/home/patl/.rvm/gems/ruby-1.9.2-p290@rails3tutorial/gems/activesupport-3.0.9/lib/active_support/callbacks.rb:436:in `_run__350775593__process_action__795300079__callbacks'
/home/patl/.rvm/gems/ruby-1.9.2-p290@rails3tutorial/gems/activesupport-3.0.9/lib/active_support/callbacks.rb:410:in `_run_process_action_callbacks'
/home/patl/.rvm/gems/ruby-1.9.2-p290@rails3tutorial/gems/activesupport-3.0.9/lib/active_support/callbacks.rb:94:in `run_callbacks'
/home/patl/.rvm/gems/ruby-1.9.2-p290@rails3tutorial/gems/actionpack-3.0.9/lib/abstract_controller/callbacks.rb:17:in `process_action'
/home/patl/.rvm/gems/ruby-1.9.2-p290@rails3tutorial/gems/actionpack-3.0.9/lib/action_controller/metal/instrumentation.rb:30:in `block in process_action'
/home/patl/.rvm/gems/ruby-1.9.2-p290@rails3tutorial/gems/activesupport-3.0.9/lib/active_support/notifications.rb:52:in `block in instrument'
/home/patl/.rvm/gems/ruby-1.9.2-p290@rails3tutorial/gems/activesupport-3.0.9/lib/active_support/notifications/instrumenter.rb:21:in `instrument'
/home/patl/.rvm/gems/ruby-1.9.2-p290@rails3tutorial/gems/activesupport-3.0.9/lib/active_support/notifications.rb:52:in `instrument'
/home/patl/.rvm/gems/ruby-1.9.2-p290@rails3tutorial/gems/actionpack-3.0.9/lib/action_controller/metal/instrumentation.rb:29:in `process_action'
/home/patl/.rvm/gems/ruby-1.9.2-p290@rails3tutorial/gems/actionpack-3.0.9/lib/action_controller/metal/rescue.rb:17:in `process_action'
/home/patl/.rvm/gems/ruby-1.9.2-p290@rails3tutorial/gems/actionpack-3.0.9/lib/abstract_controller/base.rb:119:in `process'
/home/patl/.rvm/gems/ruby-1.9.2-p290@rails3tutorial/gems/actionpack-3.0.9/lib/abstract_controller/rendering.rb:41:in `process'
/home/patl/.rvm/gems/ruby-1.9.2-p290@rails3tutorial/gems/actionpack-3.0.9/lib/action_controller/metal.rb:138:in `dispatch'
/home/patl/.rvm/gems/ruby-1.9.2-p290@rails3tutorial/gems/actionpack-3.0.9/lib/action_controller/metal/rack_delegation.rb:14:in `dispatch'
/home/patl/.rvm/gems/ruby-1.9.2-p290@rails3tutorial/gems/actionpack-3.0.9/lib/action_controller/metal.rb:178:in `block in action'
/home/patl/.rvm/gems/ruby-1.9.2-p290@rails3tutorial/gems/actionpack-3.0.9/lib/action_dispatch/routing/route_set.rb:62:in `call'
/home/patl/.rvm/gems/ruby-1.9.2-p290@rails3tutorial/gems/actionpack-3.0.9/lib/action_dispatch/routing/route_set.rb:62:in `dispatch'
/home/patl/.rvm/gems/ruby-1.9.2-p290@rails3tutorial/gems/actionpack-3.0.9/lib/action_dispatch/routing/route_set.rb:27:in `call'
/home/patl/.rvm/gems/ruby-1.9.2-p290@rails3tutorial/gems/rack-mount-0.6.14/lib/rack/mount/route_set.rb:148:in `block in call'
/home/patl/.rvm/gems/ruby-1.9.2-p290@rails3tutorial/gems/rack-mount-0.6.14/lib/rack/mount/code_generation.rb:93:in `block in recognize'
/home/patl/.rvm/gems/ruby-1.9.2-p290@rails3tutorial/gems/rack-mount-0.6.14/lib/rack/mount/code_generation.rb:68:in `optimized_each'
/home/patl/.rvm/gems/ruby-1.9.2-p290@rails3tutorial/gems/rack-mount-0.6.14/lib/rack/mount/code_generation.rb:92:in `recognize'
/home/patl/.rvm/gems/ruby-1.9.2-p290@rails3tutorial/gems/rack-mount-0.6.14/lib/rack/mount/route_set.rb:139:in `call'
/home/patl/.rvm/gems/ruby-1.9.2-p290@rails3tutorial/gems/actionpack-3.0.9/lib/action_dispatch/routing/route_set.rb:493:in `call'
/home/patl/.rvm/gems/ruby-1.9.2-p290@rails3tutorial/gems/actionpack-3.0.9/lib/action_dispatch/middleware/best_standards_support.rb:17:in `call'
/home/patl/.rvm/gems/ruby-1.9.2-p290@rails3tutorial/gems/actionpack-3.0.9/lib/action_dispatch/middleware/head.rb:14:in `call'
/home/patl/.rvm/gems/ruby-1.9.2-p290@rails3tutorial/gems/rack-1.2.4/lib/rack/methodoverride.rb:24:in `call'
/home/patl/.rvm/gems/ruby-1.9.2-p290@rails3tutorial/gems/actionpack-3.0.9/lib/action_dispatch/middleware/params_parser.rb:21:in `call'
/home/patl/.rvm/gems/ruby-1.9.2-p290@rails3tutorial/gems/actionpack-3.0.9/lib/action_dispatch/middleware/flash.rb:182:in `call'
/home/patl/.rvm/gems/ruby-1.9.2-p290@rails3tutorial/gems/actionpack-3.0.9/lib/action_dispatch/middleware/session/abstract_store.rb:149:in `call'
/home/patl/.rvm/gems/ruby-1.9.2-p290@rails3tutorial/gems/actionpack-3.0.9/lib/action_dispatch/middleware/cookies.rb:302:in `call'
/home/patl/.rvm/gems/ruby-1.9.2-p290@rails3tutorial/gems/activerecord-3.0.9/lib/active_record/query_cache.rb:32:in `block in call'
/home/patl/.rvm/gems/ruby-1.9.2-p290@rails3tutorial/gems/activerecord-3.0.9/lib/active_record/connection_adapters/abstract/query_cache.rb:28:in `cache'
/home/patl/.rvm/gems/ruby-1.9.2-p290@rails3tutorial/gems/activerecord-3.0.9/lib/active_record/query_cache.rb:12:in `cache'
/home/patl/.rvm/gems/ruby-1.9.2-p290@rails3tutorial/gems/activerecord-3.0.9/lib/active_record/query_cache.rb:31:in `call'
/home/patl/.rvm/gems/ruby-1.9.2-p290@rails3tutorial/gems/activerecord-3.0.9/lib/active_record/connection_adapters/abstract/connection_pool.rb:354:in `call'
/home/patl/.rvm/gems/ruby-1.9.2-p290@rails3tutorial/gems/actionpack-3.0.9/lib/action_dispatch/middleware/callbacks.rb:46:in `block in call'
/home/patl/.rvm/gems/ruby-1.9.2-p290@rails3tutorial/gems/activesupport-3.0.9/lib/active_support/callbacks.rb:416:in `_run_call_callbacks'
/home/patl/.rvm/gems/ruby-1.9.2-p290@rails3tutorial/gems/actionpack-3.0.9/lib/action_dispatch/middleware/callbacks.rb:44:in `call'
/home/patl/.rvm/gems/ruby-1.9.2-p290@rails3tutorial/gems/rack-1.2.4/lib/rack/sendfile.rb:106:in `call'
/home/patl/.rvm/gems/ruby-1.9.2-p290@rails3tutorial/gems/actionpack-3.0.9/lib/action_dispatch/middleware/remote_ip.rb:48:in `call'
/home/patl/.rvm/gems/ruby-1.9.2-p290@rails3tutorial/gems/actionpack-3.0.9/lib/action_dispatch/middleware/show_exceptions.rb:47:in `call'
/home/patl/.rvm/gems/ruby-1.9.2-p290@rails3tutorial/gems/railties-3.0.9/lib/rails/rack/logger.rb:13:in `call'
/home/patl/.rvm/gems/ruby-1.9.2-p290@rails3tutorial/gems/rack-1.2.4/lib/rack/runtime.rb:17:in `call'
/home/patl/.rvm/gems/ruby-1.9.2-p290@rails3tutorial/gems/activesupport-3.0.9/lib/active_support/cache/strategy/local_cache.rb:72:in `call'
/home/patl/.rvm/gems/ruby-1.9.2-p290@rails3tutorial/gems/rack-1.2.4/lib/rack/lock.rb:11:in `block in call'
<internal:prelude>:10:in `synchronize'
/home/patl/.rvm/gems/ruby-1.9.2-p290@rails3tutorial/gems/rack-1.2.4/lib/rack/lock.rb:11:in `call'
/home/patl/.rvm/gems/ruby-1.9.2-p290@rails3tutorial/gems/actionpack-3.0.9/lib/action_dispatch/middleware/static.rb:30:in `call'
/home/patl/.rvm/gems/ruby-1.9.2-p290@rails3tutorial/gems/railties-3.0.9/lib/rails/application.rb:168:in `call'
/home/patl/.rvm/gems/ruby-1.9.2-p290@rails3tutorial/gems/railties-3.0.9/lib/rails/application.rb:77:in `method_missing'
/home/patl/.rvm/gems/ruby-1.9.2-p290@rails3tutorial/gems/railties-3.0.9/lib/rails/rack/log_tailer.rb:14:in `call'
/home/patl/.rvm/gems/ruby-1.9.2-p290@rails3tutorial/gems/rack-1.2.4/lib/rack/content_length.rb:13:in `call'
/home/patl/.rvm/gems/ruby-1.9.2-p290@rails3tutorial/gems/rack-1.2.4/lib/rack/handler/webrick.rb:52:in `service'
/home/patl/.rvm/rubies/ruby-1.9.2-p290/lib/ruby/1.9.1/webrick/httpserver.rb:111:in `service'
/home/patl/.rvm/rubies/ruby-1.9.2-p290/lib/ruby/1.9.1/webrick/httpserver.rb:70:in `run'
/home/patl/.rvm/rubies/ruby-1.9.2-p290/lib/ruby/1.9.1/webrick/server.rb:183:in `block in start_thread'
Rendered layouts/_header.html.erb (1.0ms)
Rendered pages/about.html.erb within layouts/application (6.7ms)
Completed 500 Internal Server Error in 14ms


Started GET "/about" for 127.0.0.1 at 2011-12-12 20:47:35 +0200
  Processing by PagesController#about as HTML
Rendered layouts/_stylesheets.html.erb (1.5ms)
ERROR: compiling _app_views_layouts__header_html_erb___494567499_84924650__95289830 RAISED /home/patl/rails_projects/sample_app/app/views/layouts/_header.html.erb:8: syntax error, unexpected tIDENTIFIER, expecting ')'
      <li><%= link_to "Логин"></li>
                                 ^
/home/patl/rails_projects/sample_app/app/views/layouts/_header.html.erb:8: unterminated string meets end of file
/home/patl/rails_projects/sample_app/app/views/layouts/_header.html.erb:8: syntax error, unexpected $end, expecting ')'
Function body:           def _app_views_layouts__header_html_erb___494567499_84924650__95289830(local_assigns)
            _old_virtual_path, @_virtual_path = @_virtual_path, "layouts/_header";_old_output_buffer = @output_buffer;header = local_assigns[:header];;@output_buffer = ActionView::OutputBuffer.new;@output_buffer.safe_concat('<header>
');   logo = image_tag("logo.png", :alt => "Sample App", :class => "round") 
@output_buffer.safe_concat('  ');@output_buffer.append= ( link_to logo, root_path );@output_buffer.safe_concat('
');@output_buffer.safe_concat('  <nav class="round">
    <ul>
      <li>');@output_buffer.append= ( link_to "Додому", root_path );@output_buffer.safe_concat('</li>
      <li>');@output_buffer.append= ( link_to "Допомогаpath );@output_buffer.safe_concat('</li>
      <li><%= link_to "Логин"></li>
    </ul>
  </nav>
</header>
');@output_buffer.to_s
          ensure
            @_virtual_path, @output_buffer = _old_virtual_path, _old_output_buffer
          end
Backtrace: /home/patl/.rvm/gems/ruby-1.9.2-p290@rails3tutorial/gems/actionpack-3.0.9/lib/action_view/template.rb:258:in `module_eval'
/home/patl/.rvm/gems/ruby-1.9.2-p290@rails3tutorial/gems/actionpack-3.0.9/lib/action_view/template.rb:258:in `compile'
/home/patl/.rvm/gems/ruby-1.9.2-p290@rails3tutorial/gems/actionpack-3.0.9/lib/action_view/template.rb:134:in `block in render'
/home/patl/.rvm/gems/ruby-1.9.2-p290@rails3tutorial/gems/activesupport-3.0.9/lib/active_support/notifications.rb:54:in `instrument'
/home/patl/.rvm/gems/ruby-1.9.2-p290@rails3tutorial/gems/actionpack-3.0.9/lib/action_view/template.rb:127:in `render'
/home/patl/.rvm/gems/ruby-1.9.2-p290@rails3tutorial/gems/actionpack-3.0.9/lib/action_view/render/partials.rb:333:in `render_partial'
/home/patl/.rvm/gems/ruby-1.9.2-p290@rails3tutorial/gems/actionpack-3.0.9/lib/action_view/render/partials.rb:262:in `block in render'
/home/patl/.rvm/gems/ruby-1.9.2-p290@rails3tutorial/gems/activesupport-3.0.9/lib/active_support/notifications.rb:52:in `block in instrument'
/home/patl/.rvm/gems/ruby-1.9.2-p290@rails3tutorial/gems/activesupport-3.0.9/lib/active_support/notifications/instrumenter.rb:21:in `instrument'
/home/patl/.rvm/gems/ruby-1.9.2-p290@rails3tutorial/gems/activesupport-3.0.9/lib/active_support/notifications.rb:52:in `instrument'
/home/patl/.rvm/gems/ruby-1.9.2-p290@rails3tutorial/gems/actionpack-3.0.9/lib/action_view/render/partials.rb:260:in `render'
/home/patl/.rvm/gems/ruby-1.9.2-p290@rails3tutorial/gems/actionpack-3.0.9/lib/action_view/render/partials.rb:378:in `_render_partial'
/home/patl/.rvm/gems/ruby-1.9.2-p290@rails3tutorial/gems/actionpack-3.0.9/lib/action_view/render/rendering.rb:31:in `render'
/home/patl/rails_projects/sample_app/app/views/layouts/application.html.erb:10:in `_app_views_layouts_application_html_erb__1058566884_85955450__86237753'
/home/patl/.rvm/gems/ruby-1.9.2-p290@rails3tutorial/gems/actionpack-3.0.9/lib/action_view/template.rb:135:in `block in render'
/home/patl/.rvm/gems/ruby-1.9.2-p290@rails3tutorial/gems/activesupport-3.0.9/lib/active_support/notifications.rb:54:in `instrument'
/home/patl/.rvm/gems/ruby-1.9.2-p290@rails3tutorial/gems/actionpack-3.0.9/lib/action_view/template.rb:127:in `render'
/home/patl/.rvm/gems/ruby-1.9.2-p290@rails3tutorial/gems/actionpack-3.0.9/lib/action_view/render/layouts.rb:80:in `_render_layout'
/home/patl/.rvm/gems/ruby-1.9.2-p290@rails3tutorial/gems/actionpack-3.0.9/lib/action_view/render/rendering.rb:62:in `block in _render_template'
/home/patl/.rvm/gems/ruby-1.9.2-p290@rails3tutorial/gems/activesupport-3.0.9/lib/active_support/notifications.rb:52:in `block in instrument'
/home/patl/.rvm/gems/ruby-1.9.2-p290@rails3tutorial/gems/activesupport-3.0.9/lib/active_support/notifications/instrumenter.rb:21:in `instrument'
/home/patl/.rvm/gems/ruby-1.9.2-p290@rails3tutorial/gems/activesupport-3.0.9/lib/active_support/notifications.rb:52:in `instrument'
/home/patl/.rvm/gems/ruby-1.9.2-p290@rails3tutorial/gems/actionpack-3.0.9/lib/action_view/render/rendering.rb:56:in `_render_template'
/home/patl/.rvm/gems/ruby-1.9.2-p290@rails3tutorial/gems/actionpack-3.0.9/lib/action_view/render/rendering.rb:26:in `render'
/home/patl/.rvm/gems/ruby-1.9.2-p290@rails3tutorial/gems/actionpack-3.0.9/lib/abstract_controller/rendering.rb:115:in `_render_template'
/home/patl/.rvm/gems/ruby-1.9.2-p290@rails3tutorial/gems/actionpack-3.0.9/lib/abstract_controller/rendering.rb:109:in `render_to_body'
/home/patl/.rvm/gems/ruby-1.9.2-p290@rails3tutorial/gems/actionpack-3.0.9/lib/action_controller/metal/renderers.rb:47:in `render_to_body'
/home/patl/.rvm/gems/ruby-1.9.2-p290@rails3tutorial/gems/actionpack-3.0.9/lib/action_controller/metal/compatibility.rb:55:in `render_to_body'
/home/patl/.rvm/gems/ruby-1.9.2-p290@rails3tutorial/gems/actionpack-3.0.9/lib/abstract_controller/rendering.rb:102:in `render_to_string'
/home/patl/.rvm/gems/ruby-1.9.2-p290@rails3tutorial/gems/actionpack-3.0.9/lib/abstract_controller/rendering.rb:93:in `render'
/home/patl/.rvm/gems/ruby-1.9.2-p290@rails3tutorial/gems/actionpack-3.0.9/lib/action_controller/metal/rendering.rb:17:in `render'
/home/patl/.rvm/gems/ruby-1.9.2-p290@rails3tutorial/gems/actionpack-3.0.9/lib/action_controller/metal/instrumentation.rb:40:in `block (2 levels) in render'
/home/patl/.rvm/gems/ruby-1.9.2-p290@rails3tutorial/gems/activesupport-3.0.9/lib/active_support/core_ext/benchmark.rb:5:in `block in ms'
/home/patl/.rvm/rubies/ruby-1.9.2-p290/lib/ruby/1.9.1/benchmark.rb:310:in `realtime'
/home/patl/.rvm/gems/ruby-1.9.2-p290@rails3tutorial/gems/activesupport-3.0.9/lib/active_support/core_ext/benchmark.rb:5:in `ms'
/home/patl/.rvm/gems/ruby-1.9.2-p290@rails3tutorial/gems/actionpack-3.0.9/lib/action_controller/metal/instrumentation.rb:40:in `block in render'
/home/patl/.rvm/gems/ruby-1.9.2-p290@rails3tutorial/gems/actionpack-3.0.9/lib/action_controller/metal/instrumentation.rb:78:in `cleanup_view_runtime'
/home/patl/.rvm/gems/ruby-1.9.2-p290@rails3tutorial/gems/activerecord-3.0.9/lib/active_record/railties/controller_runtime.rb:15:in `cleanup_view_runtime'
/home/patl/.rvm/gems/ruby-1.9.2-p290@rails3tutorial/gems/actionpack-3.0.9/lib/action_controller/metal/instrumentation.rb:39:in `render'
/home/patl/.rvm/gems/ruby-1.9.2-p290@rails3tutorial/gems/actionpack-3.0.9/lib/action_controller/metal/implicit_render.rb:10:in `default_render'
/home/patl/.rvm/gems/ruby-1.9.2-p290@rails3tutorial/gems/actionpack-3.0.9/lib/action_controller/metal/implicit_render.rb:5:in `send_action'
/home/patl/.rvm/gems/ruby-1.9.2-p290@rails3tutorial/gems/actionpack-3.0.9/lib/abstract_controller/base.rb:150:in `process_action'
/home/patl/.rvm/gems/ruby-1.9.2-p290@rails3tutorial/gems/actionpack-3.0.9/lib/action_controller/metal/rendering.rb:11:in `process_action'
/home/patl/.rvm/gems/ruby-1.9.2-p290@rails3tutorial/gems/actionpack-3.0.9/lib/abstract_controller/callbacks.rb:18:in `block in process_action'
/home/patl/.rvm/gems/ruby-1.9.2-p290@rails3tutorial/gems/activesupport-3.0.9/lib/active_support/callbacks.rb:436:in `_run__350775593__process_action__795300079__callbacks'
/home/patl/.rvm/gems/ruby-1.9.2-p290@rails3tutorial/gems/activesupport-3.0.9/lib/active_support/callbacks.rb:410:in `_run_process_action_callbacks'
/home/patl/.rvm/gems/ruby-1.9.2-p290@rails3tutorial/gems/activesupport-3.0.9/lib/active_support/callbacks.rb:94:in `run_callbacks'
/home/patl/.rvm/gems/ruby-1.9.2-p290@rails3tutorial/gems/actionpack-3.0.9/lib/abstract_controller/callbacks.rb:17:in `process_action'
/home/patl/.rvm/gems/ruby-1.9.2-p290@rails3tutorial/gems/actionpack-3.0.9/lib/action_controller/metal/instrumentation.rb:30:in `block in process_action'
/home/patl/.rvm/gems/ruby-1.9.2-p290@rails3tutorial/gems/activesupport-3.0.9/lib/active_support/notifications.rb:52:in `block in instrument'
/home/patl/.rvm/gems/ruby-1.9.2-p290@rails3tutorial/gems/activesupport-3.0.9/lib/active_support/notifications/instrumenter.rb:21:in `instrument'
/home/patl/.rvm/gems/ruby-1.9.2-p290@rails3tutorial/gems/activesupport-3.0.9/lib/active_support/notifications.rb:52:in `instrument'
/home/patl/.rvm/gems/ruby-1.9.2-p290@rails3tutorial/gems/actionpack-3.0.9/lib/action_controller/metal/instrumentation.rb:29:in `process_action'
/home/patl/.rvm/gems/ruby-1.9.2-p290@rails3tutorial/gems/actionpack-3.0.9/lib/action_controller/metal/rescue.rb:17:in `process_action'
/home/patl/.rvm/gems/ruby-1.9.2-p290@rails3tutorial/gems/actionpack-3.0.9/lib/abstract_controller/base.rb:119:in `process'
/home/patl/.rvm/gems/ruby-1.9.2-p290@rails3tutorial/gems/actionpack-3.0.9/lib/abstract_controller/rendering.rb:41:in `process'
/home/patl/.rvm/gems/ruby-1.9.2-p290@rails3tutorial/gems/actionpack-3.0.9/lib/action_controller/metal.rb:138:in `dispatch'
/home/patl/.rvm/gems/ruby-1.9.2-p290@rails3tutorial/gems/actionpack-3.0.9/lib/action_controller/metal/rack_delegation.rb:14:in `dispatch'
/home/patl/.rvm/gems/ruby-1.9.2-p290@rails3tutorial/gems/actionpack-3.0.9/lib/action_controller/metal.rb:178:in `block in action'
/home/patl/.rvm/gems/ruby-1.9.2-p290@rails3tutorial/gems/actionpack-3.0.9/lib/action_dispatch/routing/route_set.rb:62:in `call'
/home/patl/.rvm/gems/ruby-1.9.2-p290@rails3tutorial/gems/actionpack-3.0.9/lib/action_dispatch/routing/route_set.rb:62:in `dispatch'
/home/patl/.rvm/gems/ruby-1.9.2-p290@rails3tutorial/gems/actionpack-3.0.9/lib/action_dispatch/routing/route_set.rb:27:in `call'
/home/patl/.rvm/gems/ruby-1.9.2-p290@rails3tutorial/gems/rack-mount-0.6.14/lib/rack/mount/route_set.rb:148:in `block in call'
/home/patl/.rvm/gems/ruby-1.9.2-p290@rails3tutorial/gems/rack-mount-0.6.14/lib/rack/mount/code_generation.rb:93:in `block in recognize'
/home/patl/.rvm/gems/ruby-1.9.2-p290@rails3tutorial/gems/rack-mount-0.6.14/lib/rack/mount/code_generation.rb:68:in `optimized_each'
/home/patl/.rvm/gems/ruby-1.9.2-p290@rails3tutorial/gems/rack-mount-0.6.14/lib/rack/mount/code_generation.rb:92:in `recognize'
/home/patl/.rvm/gems/ruby-1.9.2-p290@rails3tutorial/gems/rack-mount-0.6.14/lib/rack/mount/route_set.rb:139:in `call'
/home/patl/.rvm/gems/ruby-1.9.2-p290@rails3tutorial/gems/actionpack-3.0.9/lib/action_dispatch/routing/route_set.rb:493:in `call'
/home/patl/.rvm/gems/ruby-1.9.2-p290@rails3tutorial/gems/actionpack-3.0.9/lib/action_dispatch/middleware/best_standards_support.rb:17:in `call'
/home/patl/.rvm/gems/ruby-1.9.2-p290@rails3tutorial/gems/actionpack-3.0.9/lib/action_dispatch/middleware/head.rb:14:in `call'
/home/patl/.rvm/gems/ruby-1.9.2-p290@rails3tutorial/gems/rack-1.2.4/lib/rack/methodoverride.rb:24:in `call'
/home/patl/.rvm/gems/ruby-1.9.2-p290@rails3tutorial/gems/actionpack-3.0.9/lib/action_dispatch/middleware/params_parser.rb:21:in `call'
/home/patl/.rvm/gems/ruby-1.9.2-p290@rails3tutorial/gems/actionpack-3.0.9/lib/action_dispatch/middleware/flash.rb:182:in `call'
/home/patl/.rvm/gems/ruby-1.9.2-p290@rails3tutorial/gems/actionpack-3.0.9/lib/action_dispatch/middleware/session/abstract_store.rb:149:in `call'
/home/patl/.rvm/gems/ruby-1.9.2-p290@rails3tutorial/gems/actionpack-3.0.9/lib/action_dispatch/middleware/cookies.rb:302:in `call'
/home/patl/.rvm/gems/ruby-1.9.2-p290@rails3tutorial/gems/activerecord-3.0.9/lib/active_record/query_cache.rb:32:in `block in call'
/home/patl/.rvm/gems/ruby-1.9.2-p290@rails3tutorial/gems/activerecord-3.0.9/lib/active_record/connection_adapters/abstract/query_cache.rb:28:in `cache'
/home/patl/.rvm/gems/ruby-1.9.2-p290@rails3tutorial/gems/activerecord-3.0.9/lib/active_record/query_cache.rb:12:in `cache'
/home/patl/.rvm/gems/ruby-1.9.2-p290@rails3tutorial/gems/activerecord-3.0.9/lib/active_record/query_cache.rb:31:in `call'
/home/patl/.rvm/gems/ruby-1.9.2-p290@rails3tutorial/gems/activerecord-3.0.9/lib/active_record/connection_adapters/abstract/connection_pool.rb:354:in `call'
/home/patl/.rvm/gems/ruby-1.9.2-p290@rails3tutorial/gems/actionpack-3.0.9/lib/action_dispatch/middleware/callbacks.rb:46:in `block in call'
/home/patl/.rvm/gems/ruby-1.9.2-p290@rails3tutorial/gems/activesupport-3.0.9/lib/active_support/callbacks.rb:416:in `_run_call_callbacks'
/home/patl/.rvm/gems/ruby-1.9.2-p290@rails3tutorial/gems/actionpack-3.0.9/lib/action_dispatch/middleware/callbacks.rb:44:in `call'
/home/patl/.rvm/gems/ruby-1.9.2-p290@rails3tutorial/gems/rack-1.2.4/lib/rack/sendfile.rb:106:in `call'
/home/patl/.rvm/gems/ruby-1.9.2-p290@rails3tutorial/gems/actionpack-3.0.9/lib/action_dispatch/middleware/remote_ip.rb:48:in `call'
/home/patl/.rvm/gems/ruby-1.9.2-p290@rails3tutorial/gems/actionpack-3.0.9/lib/action_dispatch/middleware/show_exceptions.rb:47:in `call'
/home/patl/.rvm/gems/ruby-1.9.2-p290@rails3tutorial/gems/railties-3.0.9/lib/rails/rack/logger.rb:13:in `call'
/home/patl/.rvm/gems/ruby-1.9.2-p290@rails3tutorial/gems/rack-1.2.4/lib/rack/runtime.rb:17:in `call'
/home/patl/.rvm/gems/ruby-1.9.2-p290@rails3tutorial/gems/activesupport-3.0.9/lib/active_support/cache/strategy/local_cache.rb:72:in `call'
/home/patl/.rvm/gems/ruby-1.9.2-p290@rails3tutorial/gems/rack-1.2.4/lib/rack/lock.rb:11:in `block in call'
<internal:prelude>:10:in `synchronize'
/home/patl/.rvm/gems/ruby-1.9.2-p290@rails3tutorial/gems/rack-1.2.4/lib/rack/lock.rb:11:in `call'
/home/patl/.rvm/gems/ruby-1.9.2-p290@rails3tutorial/gems/actionpack-3.0.9/lib/action_dispatch/middleware/static.rb:30:in `call'
/home/patl/.rvm/gems/ruby-1.9.2-p290@rails3tutorial/gems/railties-3.0.9/lib/rails/application.rb:168:in `call'
/home/patl/.rvm/gems/ruby-1.9.2-p290@rails3tutorial/gems/railties-3.0.9/lib/rails/application.rb:77:in `method_missing'
/home/patl/.rvm/gems/ruby-1.9.2-p290@rails3tutorial/gems/railties-3.0.9/lib/rails/rack/log_tailer.rb:14:in `call'
/home/patl/.rvm/gems/ruby-1.9.2-p290@rails3tutorial/gems/rack-1.2.4/lib/rack/content_length.rb:13:in `call'
/home/patl/.rvm/gems/ruby-1.9.2-p290@rails3tutorial/gems/rack-1.2.4/lib/rack/handler/webrick.rb:52:in `service'
/home/patl/.rvm/rubies/ruby-1.9.2-p290/lib/ruby/1.9.1/webrick/httpserver.rb:111:in `service'
/home/patl/.rvm/rubies/ruby-1.9.2-p290/lib/ruby/1.9.1/webrick/httpserver.rb:70:in `run'
/home/patl/.rvm/rubies/ruby-1.9.2-p290/lib/ruby/1.9.1/webrick/server.rb:183:in `block in start_thread'
Rendered layouts/_header.html.erb (1.1ms)
Rendered pages/about.html.erb within layouts/application (6.6ms)
Completed 500 Internal Server Error in 12ms


Started GET "/about" for 127.0.0.1 at 2011-12-12 20:48:19 +0200
  Processing by PagesController#about as HTML
Rendered layouts/_stylesheets.html.erb (1.3ms)
Rendered layouts/_header.html.erb (1.4ms)
Rendered layouts/_footer.html.erb (1.2ms)
Rendered pages/about.html.erb within layouts/application (9.1ms)
Completed 200 OK in 15ms (Views: 14.2ms | ActiveRecord: 0.0ms)


Started GET "/about" for 127.0.0.1 at 2011-12-12 20:49:12 +0200
  Processing by PagesController#about as HTML
Rendered layouts/_stylesheets.html.erb (2.4ms)
Rendered layouts/_header.html.erb (1.7ms)
Rendered layouts/_footer.html.erb (0.9ms)
Rendered pages/about.html.erb within layouts/application (10.0ms)
Completed 200 OK in 15ms (Views: 15.0ms | ActiveRecord: 0.0ms)


Started GET "/about" for 127.0.0.1 at 2011-12-12 20:50:46 +0200
  Processing by PagesController#about as HTML
Rendered layouts/_stylesheets.html.erb (1.3ms)
Rendered layouts/_header.html.erb (1.5ms)
Rendered layouts/_footer.html.erb (0.9ms)
Rendered pages/about.html.erb within layouts/application (8.1ms)
Completed 200 OK in 13ms (Views: 12.8ms | ActiveRecord: 0.0ms)


Started GET "/about" for 127.0.0.1 at 2011-12-12 20:50:48 +0200
  Processing by PagesController#about as HTML
Rendered layouts/_stylesheets.html.erb (1.4ms)
Rendered layouts/_header.html.erb (1.5ms)
Rendered layouts/_footer.html.erb (0.9ms)
Rendered pages/about.html.erb within layouts/application (8.6ms)
Completed 200 OK in 13ms (Views: 12.9ms | ActiveRecord: 0.0ms)


Started GET "/about" for 127.0.0.1 at 2011-12-12 20:50:49 +0200
  Processing by PagesController#about as HTML
Rendered layouts/_stylesheets.html.erb (1.2ms)
Rendered layouts/_header.html.erb (1.6ms)
Rendered layouts/_footer.html.erb (1.1ms)
Rendered pages/about.html.erb within layouts/application (8.5ms)
Completed 200 OK in 14ms (Views: 13.4ms | ActiveRecord: 0.0ms)


Started GET "/about" for 127.0.0.1 at 2011-12-12 20:50:49 +0200
  Processing by PagesController#about as HTML
Rendered layouts/_stylesheets.html.erb (1.4ms)
Rendered layouts/_header.html.erb (1.6ms)
Rendered layouts/_footer.html.erb (1.0ms)
Rendered pages/about.html.erb within layouts/application (8.8ms)
Completed 200 OK in 14ms (Views: 13.5ms | ActiveRecord: 0.0ms)


Started GET "/about" for 127.0.0.1 at 2011-12-12 20:50:50 +0200
  Processing by PagesController#about as HTML
Rendered layouts/_stylesheets.html.erb (1.3ms)
Rendered layouts/_header.html.erb (1.8ms)
Rendered layouts/_footer.html.erb (1.2ms)
Rendered pages/about.html.erb within layouts/application (9.1ms)
Completed 200 OK in 14ms (Views: 13.7ms | ActiveRecord: 0.0ms)


Started GET "/about" for 127.0.0.1 at 2011-12-12 20:50:50 +0200
  Processing by PagesController#about as HTML
Rendered layouts/_stylesheets.html.erb (1.2ms)
Rendered layouts/_header.html.erb (1.7ms)
Rendered layouts/_footer.html.erb (1.0ms)
Rendered pages/about.html.erb within layouts/application (9.8ms)
Completed 200 OK in 15ms (Views: 14.5ms | ActiveRecord: 0.0ms)


Started GET "/about" for 127.0.0.1 at 2011-12-12 20:50:51 +0200
  Processing by PagesController#about as HTML
Rendered layouts/_stylesheets.html.erb (1.4ms)
Rendered layouts/_header.html.erb (1.8ms)
Rendered layouts/_footer.html.erb (38.0ms)
Rendered pages/about.html.erb within layouts/application (46.3ms)
Completed 200 OK in 52ms (Views: 51.1ms | ActiveRecord: 0.0ms)


Started GET "/about" for 127.0.0.1 at 2011-12-12 20:50:51 +0200
  Processing by PagesController#about as HTML
Rendered layouts/_stylesheets.html.erb (1.5ms)
Rendered layouts/_header.html.erb (1.6ms)
Rendered layouts/_footer.html.erb (1.2ms)
Rendered pages/about.html.erb within layouts/application (9.3ms)
Completed 200 OK in 14ms (Views: 13.9ms | ActiveRecord: 0.0ms)


Started GET "/about" for 127.0.0.1 at 2011-12-12 20:50:52 +0200
  Processing by PagesController#about as HTML
Rendered layouts/_stylesheets.html.erb (1.4ms)
Rendered layouts/_header.html.erb (1.8ms)
Rendered layouts/_footer.html.erb (0.9ms)
Rendered pages/about.html.erb within layouts/application (9.3ms)
Completed 200 OK in 14ms (Views: 13.9ms | ActiveRecord: 0.0ms)


Started GET "/about" for 127.0.0.1 at 2011-12-12 20:50:52 +0200
  Processing by PagesController#about as HTML
Rendered layouts/_stylesheets.html.erb (1.3ms)
Rendered layouts/_header.html.erb (1.8ms)
Rendered layouts/_footer.html.erb (1.3ms)
Rendered pages/about.html.erb within layouts/application (10.3ms)
Completed 200 OK in 15ms (Views: 14.6ms | ActiveRecord: 0.0ms)


Started GET "/about" for 127.0.0.1 at 2011-12-12 20:50:52 +0200
  Processing by PagesController#about as HTML
Rendered layouts/_stylesheets.html.erb (1.5ms)
Rendered layouts/_header.html.erb (1.8ms)
Rendered layouts/_footer.html.erb (1.1ms)
Rendered pages/about.html.erb within layouts/application (13.3ms)
Completed 200 OK in 18ms (Views: 18.0ms | ActiveRecord: 0.0ms)


Started GET "/about" for 127.0.0.1 at 2011-12-12 20:50:53 +0200
  Processing by PagesController#about as HTML
Rendered layouts/_stylesheets.html.erb (1.2ms)
Rendered layouts/_header.html.erb (1.7ms)
Rendered layouts/_footer.html.erb (1.2ms)
Rendered pages/about.html.erb within layouts/application (8.5ms)
Completed 200 OK in 13ms (Views: 12.9ms | ActiveRecord: 0.0ms)


Started GET "/help" for 127.0.0.1 at 2011-12-12 20:51:00 +0200
  Processing by PagesController#help as HTML
Rendered layouts/_stylesheets.html.erb (1.1ms)
Rendered layouts/_header.html.erb (1.5ms)
Rendered layouts/_footer.html.erb (1.0ms)
Rendered pages/help.html.erb within layouts/application (8.2ms)
Completed 200 OK in 29ms (Views: 28.7ms | ActiveRecord: 0.0ms)


Started GET "/help" for 127.0.0.1 at 2011-12-12 20:51:02 +0200
  Processing by PagesController#help as HTML
Rendered layouts/_stylesheets.html.erb (1.3ms)
Rendered layouts/_header.html.erb (1.5ms)
Rendered layouts/_footer.html.erb (0.9ms)
Rendered pages/help.html.erb within layouts/application (8.3ms)
Completed 200 OK in 13ms (Views: 12.4ms | ActiveRecord: 0.0ms)
DEPRECATION WARNING: config.action_view.debug_rjs will be removed in 3.1, from 3.1 onwards you will need to install prototype-rails to continue to use RJS templates . (called from <top (required)> at /home/patl/rails_projects/sample_app/config/environment.rb:5)


Started GET "/about" for 127.0.0.1 at 2011-12-12 21:38:07 +0200
  Processing by PagesController#about as HTML
Rendered layouts/_stylesheets.html.erb (1.3ms)
Rendered layouts/_header.html.erb (1.8ms)
Rendered layouts/_footer.html.erb (1.0ms)
Rendered pages/about.html.erb within layouts/application (9.0ms)
Completed 200 OK in 14ms (Views: 13.6ms | ActiveRecord: 0.0ms)
